"../../../Engine/Content/EditorBlueprintResources/StandardMacros.uasset" 0
"../../../../../../GH/DIMTeamWJ2019/KSOS/Content/BP/BP_MoralManager.uasset" 1
"../../../../../../GH/DIMTeamWJ2019/KSOS/Content/Structure/Enum_KSOS_Character.uasset" 2
"../../../../../../GH/DIMTeamWJ2019/KSOS/Content/Structure/STRUCT_KSOS.uasset" 3
"../../../../../../GH/DIMTeamWJ2019/KSOS/Content/BP/BP_Wankul.uasset" 4
"../../../../../../GH/DIMTeamWJ2019/KSOS/Content/Sons/ahhh-homme.uasset" 5
"../../../../../../GH/DIMTeamWJ2019/KSOS/Content/Sons/ahhh-homme3.uasset" 6
"../../../../../../GH/DIMTeamWJ2019/KSOS/Content/Sons/Coucou2.uasset" 7
"../../../../../../GH/DIMTeamWJ2019/KSOS/Content/Sprites/Images/UI/BarreChoix4.uasset" 8
"../../../../../../GH/DIMTeamWJ2019/KSOS/Content/Sprites/Images/UI/BulleDialogue.uasset" 9
"../../../../../../GH/DIMTeamWJ2019/KSOS/Content/Widgets/UI_Widgets/Bonjour_Widget.uasset" 10
"../../../../../../GH/DIMTeamWJ2019/KSOS/Content/Fonts/HPSimplified_Rg.uasset" 11
"../../../../../../GH/DIMTeamWJ2019/KSOS/Content/Fonts/HPSimplified_Rg_Font.uasset" 12
"../../../../../../GH/DIMTeamWJ2019/KSOS/Content/Sprites/Images/UI/BoiteDialogue.uasset" 13
"../../../../../../GH/DIMTeamWJ2019/KSOS/Content/Widgets/UI_Widgets/Dialog_Solo_Widget.uasset" 14
"../../Plugins/2D/Paper2D/Content/DefaultSpriteMaterial.uasset" 15
"../../Plugins/2D/Paper2D/Content/TranslucentUnlitSpriteMaterial.uasset" 16
"../../../../../../GH/DIMTeamWJ2019/KSOS/Content/Sprites/Images/Personnages/binoclard_Jambes.uasset" 17
"../../../../../../GH/DIMTeamWJ2019/KSOS/Content/Sprites/binoclard_Jambes_Sprite.uasset" 18
"../../../../../../GH/DIMTeamWJ2019/KSOS/Content/Structure/Script-Dylan.uasset" 19
"../../../../../../GH/DIMTeamWJ2019/KSOS/Content/Structure/Script_AS-Dylan.uasset" 20
"../../../../../../GH/DIMTeamWJ2019/KSOS/Content/Structure/Script_AS_HAKIM.uasset" 21
"../../../../../../GH/DIMTeamWJ2019/KSOS/Content/Structure/Script_AS_Jenny.uasset" 22
"../../../../../../GH/DIMTeamWJ2019/KSOS/Content/Structure/Script_AS_Melissandre.uasset" 23
"../../../../../../GH/DIMTeamWJ2019/KSOS/Content/Structure/Script_AS_Patrick.uasset" 24
"../../../../../../GH/DIMTeamWJ2019/KSOS/Content/Sprites/Images/Personnages/akim_Jambes.uasset" 25
"../../../../../../GH/DIMTeamWJ2019/KSOS/Content/Sprites/akim_Jambes_Sprite.uasset" 26
"../../../../../../GH/DIMTeamWJ2019/KSOS/Content/Structure/Script_Hakim.uasset" 27
"../../../../../../GH/DIMTeamWJ2019/KSOS/Content/Sprites/Images/Personnages/oedipe_Jambes.uasset" 28
"../../../../../../GH/DIMTeamWJ2019/KSOS/Content/Sprites/oedipe_Jambes_Sprite.uasset" 29
"../../../../../../GH/DIMTeamWJ2019/KSOS/Content/Structure/Script_Jenny.uasset" 30
"../../../../../../GH/DIMTeamWJ2019/KSOS/Content/Sprites/Images/Personnages/melissandre_Jambes.uasset" 31
"../../../../../../GH/DIMTeamWJ2019/KSOS/Content/Sprites/melissandre_Jambes_Sprite.uasset" 32
"../../../../../../GH/DIMTeamWJ2019/KSOS/Content/Structure/Script_Melissandre.uasset" 33
"../../../../../../GH/DIMTeamWJ2019/KSOS/Content/Sprites/Images/Personnages/precoce_Jambes.uasset" 34
"../../../../../../GH/DIMTeamWJ2019/KSOS/Content/Sprites/precoce_Jambes_Sprite.uasset" 35
"../../../../../../GH/DIMTeamWJ2019/KSOS/Content/Structure/Script_Patrick.uasset" 36
"../../../../../../GH/DIMTeamWJ2019/KSOS/Content/Structure/GameInstance_BP.uasset" 37
"../../../../../../GH/DIMTeamWJ2019/KSOS/Content/Sons/Bouton__online-audio-converter_com_.uasset" 38
"../../../../../../GH/DIMTeamWJ2019/KSOS/Content/Sons/BoutonHover.uasset" 39
"../../../../../../GH/DIMTeamWJ2019/KSOS/Content/Sprites/Images/UI/BarreMoralExterieur.uasset" 40
"../../../../../../GH/DIMTeamWJ2019/KSOS/Content/Sprites/Images/UI/PenseBete.uasset" 41
"../../../../../../GH/DIMTeamWJ2019/KSOS/Content/Sprites/Images/UI/V2/AssetBarreV2/BarreChoix1V2.uasset" 42
"../../../../../../GH/DIMTeamWJ2019/KSOS/Content/Sprites/Images/UI/V2/AssetBarreV2/BarreChoix2V2.uasset" 43
"../../../../../../GH/DIMTeamWJ2019/KSOS/Content/Sprites/Images/UI/V2/AssetBarreV2/BarreChoix3V2.uasset" 44
"../../../../../../GH/DIMTeamWJ2019/KSOS/Content/Sprites/Images/UI/V2/AssetBarreV2/BarreChoix4V2.uasset" 45
"../../../../../../GH/DIMTeamWJ2019/KSOS/Content/Sprites/Images/UI/V2/AssetBarreV2/BarreTitreActionV2.uasset" 46
"../../../../../../GH/DIMTeamWJ2019/KSOS/Content/Sprites/Images/UI/V2/AssetBarreV2/RondChronoChoixV2.uasset" 47
"../../../../../../GH/DIMTeamWJ2019/KSOS/Content/Widgets/UI_Widgets/Dialog_Widget.uasset" 48
"../../../../../../GH/DIMTeamWJ2019/KSOS/Content/BP/BP_SceneManager.uasset" 49
"../../../../../../GH/DIMTeamWJ2019/KSOS/Content/Sprites/Images/Background/chaise.uasset" 50
"../../../../../../GH/DIMTeamWJ2019/KSOS/Content/Sprites/chaise_Sprite.uasset" 51
"../../../../../../GH/DIMTeamWJ2019/KSOS/Content/BP/BP_PlaySceneButton.uasset" 52
"../../../../../../GH/DIMTeamWJ2019/KSOS/Content/BP/GM_KSOS.uasset" 53
"../../../../../../GH/DIMTeamWJ2019/KSOS/Content/Sprites/Images/Personnages/exhib_Jambes.uasset" 54
"../../../../../../GH/DIMTeamWJ2019/KSOS/Content/Sprites/exhib_Jambes_Sprite.uasset" 55
"../../../../../../GH/DIMTeamWJ2019/KSOS/Content/Sprites/Images/Personnages/kaira_Jambes.uasset" 56
"../../../../../../GH/DIMTeamWJ2019/KSOS/Content/Sprites/kaira_Jambes_Sprite.uasset" 57
"../../../../../../GH/DIMTeamWJ2019/KSOS/Content/Sprites/Images/Personnages/psychologue_Jambes.uasset" 58
"../../../../../../GH/DIMTeamWJ2019/KSOS/Content/Sprites/psychologue_Jambes_Sprite.uasset" 59
"../../../../../../GH/DIMTeamWJ2019/KSOS/Content/Sprites/Images/Personnages/stanislas_Jambes.uasset" 60
"../../../../../../GH/DIMTeamWJ2019/KSOS/Content/Sprites/stanislas_Jambes_Sprite.uasset" 61
"../../../../../../GH/DIMTeamWJ2019/KSOS/Content/Sprites/Images/Background/fond.uasset" 62
"../../../../../../GH/DIMTeamWJ2019/KSOS/Content/Sprites/Images/Background/fond_TileSet.uasset" 63
"../../../../../../GH/DIMTeamWJ2019/KSOS/Content/Sprites/Images/Personnages/akim.uasset" 64
"../../../../../../GH/DIMTeamWJ2019/KSOS/Content/Sprites/Images/Personnages/binoclard.uasset" 65
"../../../../../../GH/DIMTeamWJ2019/KSOS/Content/Sprites/Images/Personnages/exhib.uasset" 66
"../../../../../../GH/DIMTeamWJ2019/KSOS/Content/Sprites/Images/Personnages/kaira.uasset" 67
"../../../../../../GH/DIMTeamWJ2019/KSOS/Content/Sprites/Images/Personnages/melissandre.uasset" 68
"../../../../../../GH/DIMTeamWJ2019/KSOS/Content/Sprites/Images/Personnages/oedipe.uasset" 69
"../../../../../../GH/DIMTeamWJ2019/KSOS/Content/Sprites/Images/Personnages/precoce.uasset" 70
"../../../../../../GH/DIMTeamWJ2019/KSOS/Content/Sprites/Images/Personnages/psychologue.uasset" 71
"../../../../../../GH/DIMTeamWJ2019/KSOS/Content/Sprites/Images/Personnages/stanislas.uasset" 72
"../../../../../../GH/DIMTeamWJ2019/KSOS/Content/Sprites/Images/UI/BarreChoix1.uasset" 73
"../../../../../../GH/DIMTeamWJ2019/KSOS/Content/Sprites/Images/UI/BarreChoix2.uasset" 74
"../../../../../../GH/DIMTeamWJ2019/KSOS/Content/Sprites/Images/UI/BarreChoix3.uasset" 75
"../../../../../../GH/DIMTeamWJ2019/KSOS/Content/Sprites/Images/UI/BarreMoralInterieur.uasset" 76
"../../../../../../GH/DIMTeamWJ2019/KSOS/Content/Sprites/Images/UI/fleche.uasset" 77
"../../../../../../GH/DIMTeamWJ2019/KSOS/Content/Sprites/Images/UI/RondChronoChoix.uasset" 78
"../../../Engine/Content/Functions/Engine_MaterialFunctions01/Opacity/CameraDepthFade.uasset" 79
"../../../Engine/Content/EngineMaterials/T_Default_Material_Grid_M.uasset" 80
"../../../Engine/Content/EngineMaterials/T_Default_Material_Grid_N.uasset" 81
"../../../Engine/Content/EngineMaterials/WorldGridMaterial.uasset" 82
"../../../Engine/Content/ArtTools/RenderToTexture/Meshes/S_1_Unit_Plane.uasset" 83
"../../../Engine/Content/EngineMaterials/DefaultMaterial.uasset" 84
"../../../Engine/Content/BasicShapes/Cone.uasset" 85
"../../../Engine/Content/BasicShapes/Cube.uasset" 86
"../../../Engine/Content/BasicShapes/Cylinder.uasset" 87
"../../../Engine/Content/BasicShapes/Plane.uasset" 88
"../../../Engine/Content/BasicShapes/Sphere.uasset" 89
"../../../Engine/Content/EditorLandscapeResources/DataLayer.uasset" 90
"../../../Engine/Content/EditorMaterials/GizmoMaterial.uasset" 91
"../../../Engine/Content/EditorMaterials/MAT_Groups_Toggle.uasset" 92
"../../../Engine/Content/EditorMaterials/MAT_Groups_Visibility.uasset" 93
"../../../Engine/Content/EditorMaterials/PreviewShadowIndicator.uasset" 94
"../../../Engine/Content/EditorMaterials/PreviewShadowIndicatorMaterial.uasset" 95
"../../../Engine/Content/EditorMaterials/MatineeGroups/MAT_ColorTrack.uasset" 96
"../../../Engine/Content/EditorMaterials/MatineeGroups/MAT_Groups_Anim.uasset" 97
"../../../Engine/Content/EditorMaterials/MatineeGroups/MAT_Groups_AudioMaster.uasset" 98
"../../../Engine/Content/EditorMaterials/MatineeGroups/MAT_Groups_Director.uasset" 99
"../../../Engine/Content/EditorMaterials/MatineeGroups/MAT_Groups_Event.uasset" 100
"../../../Engine/Content/EditorMaterials/MatineeGroups/MAT_Groups_Fade.uasset" 101
"../../../Engine/Content/EditorMaterials/MatineeGroups/MAT_Groups_Float.uasset" 102
"../../../Engine/Content/EditorMaterials/MatineeGroups/MAT_Groups_Move.uasset" 103
"../../../Engine/Content/EditorMaterials/MatineeGroups/MAT_Groups_Slomo.uasset" 104
"../../../Engine/Content/EditorMaterials/MatineeGroups/MAT_Groups_Sound.uasset" 105
"../../../Engine/Content/EditorMaterials/MatineeGroups/MAT_Groups_Vector.uasset" 106
"../../../Engine/Content/EditorMaterials/ParticleSystems/PSysThumbnail_NoImage.uasset" 107
"../../../Engine/Content/EditorMaterials/ParticleSystems/PSysThumbnail_OOD.uasset" 108
"../../../Engine/Content/EditorMaterials/Camera/CineMat.uasset" 109
"../../../Engine/Content/EditorMaterials/Camera/MI_CineMat_Rig.uasset" 110
"../../../Engine/Content/EditorMeshes/Camera/SM_CraneRig_Arm.uasset" 111
"../../../Engine/Content/EditorMeshes/Camera/SM_CraneRig_Base.uasset" 112
"../../../Engine/Content/EditorMeshes/Camera/SM_CraneRig_Body.uasset" 113
"../../../Engine/Content/EditorMeshes/Camera/SM_CraneRig_Mount.uasset" 114
"../../../Engine/Content/EditorMeshes/Camera/SM_RailRig_Mount.uasset" 115
"../../../Engine/Content/EditorMeshes/Camera/SM_RailRig_Track.uasset" 116
"../../../Engine/Content/EditorResources/BSPVertex.uasset" 117
"../../../Engine/Content/EditorResources/EmptyActor.uasset" 118
"../../../Engine/Content/EditorResources/S_Actor.uasset" 119
"../../../Engine/Content/EditorResources/S_Trigger.uasset" 120
"../../../Engine/Content/EditorResources/LightIcons/S_LightError.uasset" 121
"../../../Engine/Content/EditorResources/SequenceRecorder/Countdown.uasset" 122
"../../../Engine/Content/EditorResources/SequenceRecorder/RecordingIndicator.uasset" 123
"../../../Engine/Content/EditorSounds/Notifications/CompileFailed.uasset" 124
"../../../Engine/Content/EditorSounds/Notifications/CompileFailed_Cue.uasset" 125
"../../../Engine/Content/EditorSounds/Notifications/CompileSuccess.uasset" 126
"../../../Engine/Content/EditorSounds/Notifications/CompileStart_Cue.uasset" 127
"../../../Engine/Content/EditorSounds/Notifications/CompileSuccess_Cue.uasset" 128
"../../../Engine/Content/EngineDamageTypes/DmgTypeBP_Environmental.uasset" 129
"../../../Engine/Content/EngineDebugMaterials/HeatmapGradient.uasset" 130
"../../../Engine/Content/EngineDebugMaterials/BoneWeightMaterial.uasset" 131
"../../../Engine/Content/EngineDebugMaterials/ClothMaterial.uasset" 132
"../../../Engine/Content/EngineDebugMaterials/ClothMaterial_WF.uasset" 133
"../../../Engine/Content/EngineDebugMaterials/DebugEditorMaterial.uasset" 134
"../../../Engine/Content/EngineDebugMaterials/DebugMeshMaterial.uasset" 135
"../../../Engine/Content/EngineDebugMaterials/GeomMaterial.uasset" 136
"../../../Engine/Content/EngineDebugMaterials/M_SimpleTranslucent.uasset" 137
"../../../Engine/Content/EngineFonts/Faces/RobotoBold.uasset" 138
"../../../Engine/Content/EngineFonts/Faces/RobotoBoldItalic.uasset" 139
"../../../Engine/Content/EngineFonts/Faces/RobotoItalic.uasset" 140
"../../../Engine/Content/EngineFonts/Faces/RobotoLight.uasset" 141
"../../../Engine/Content/EngineFonts/Faces/RobotoRegular.uasset" 142
"../../../Engine/Content/EngineFonts/Roboto.uasset" 143
"../../../Engine/Content/EngineFonts/Faces/RobotoTiny.uasset" 144
"../../../Engine/Content/EngineFonts/RobotoTiny.uasset" 145
"../../../Engine/Content/EngineMaterials/BaseFlattenDiffuseMap.uasset" 146
"../../../Engine/Content/EngineMaterials/BaseFlattenEmissiveMap.uasset" 147
"../../../Engine/Content/EngineMaterials/BaseFlattenGrayscaleMap.uasset" 148
"../../../Engine/Content/EngineMaterials/BaseFlattenNormalMap.uasset" 149
"../../../Engine/Content/EngineMaterials/BaseFlattenMaterial.uasset" 150
"../../../Engine/Content/EngineMaterials/DefaultBloomKernel.uasset" 151
"../../../Engine/Content/EngineMaterials/DefaultBokeh.uasset" 152
"../../../Engine/Content/EngineMaterials/DefaultDiffuse.uasset" 153
"../../../Engine/Content/EngineMaterials/DefaultDeferredDecalMaterial.uasset" 154
"../../../Engine/Content/EngineMaterials/DefaultLightFunctionMaterial.uasset" 155
"../../../Engine/Content/EngineMaterials/DefaultPhysicalMaterial.uasset" 156
"../../../Engine/Content/Functions/Engine_MaterialFunctions02/Utility/BreakOutFloat2Components.uasset" 157
"../../../Engine/Content/EngineMaterials/DefaultPostProcessMaterial.uasset" 158
"../../../Engine/Content/EngineFonts/RobotoDistanceField.uasset" 159
"../../../Engine/Content/EngineMaterials/DefaultTextMaterialOpaque.uasset" 160
"../../../Engine/Content/EngineMaterials/DefaultWhiteGrid.uasset" 161
"../../../Engine/Content/EngineMaterials/EditorBrushMaterial.uasset" 162
"../../../Engine/Content/EngineMaterials/Good64x64TilingNoiseHighFreq.uasset" 163
"../../../Engine/Content/EngineMaterials/MiniFont.uasset" 164
"../../../Engine/Content/EngineMaterials/InvalidLightmapSettings.uasset" 165
"../../../Engine/Content/EngineMaterials/M_InvalidLightmapSettings.uasset" 166
"../../../Engine/Content/Functions/Engine_MaterialFunctions02/WorldPositionOffset/CameraOffset.uasset" 167
"../../../Engine/Content/EngineMaterials/PhAT_JointLimitMaterial.uasset" 168
"../../../Engine/Content/EngineMaterials/PreintegratedSkinBRDF.uasset" 169
"../../../Engine/Content/EngineMaterials/RemoveSurfaceMaterial.uasset" 170
"../../../Engine/Content/EngineMaterials/WeightMapPlaceholderTexture.uasset" 171
"../../../Engine/Content/EngineResources/WhiteSquareTexture.uasset" 172
"../../../Engine/Content/EngineMaterials/Widget3DPassThrough.uasset" 173
"../../../Engine/Content/EngineMaterials/Widget3DPassThrough_Masked.uasset" 174
"../../../Engine/Content/EngineMaterials/Widget3DPassThrough_Opaque.uasset" 175
"../../../Engine/Content/EngineMaterials/Widget3DPassThrough_Masked_OneSided.uasset" 176
"../../../Engine/Content/EngineMaterials/Widget3DPassThrough_Opaque_OneSided.uasset" 177
"../../../Engine/Content/EngineMaterials/Widget3DPassThrough_Translucent.uasset" 178
"../../../Engine/Content/EngineMaterials/Widget3DPassThrough_Translucent_OneSided.uasset" 179
"../../../Engine/Content/EngineMeshes/Cylinder.uasset" 180
"../../../Engine/Content/EngineMeshes/Sphere.uasset" 181
"../../../Engine/Content/EngineResources/Black.uasset" 182
"../../../Engine/Content/EngineResources/DefaultTexture.uasset" 183
"../../../Engine/Content/EngineResources/DefaultTextureCube.uasset" 184
"../../../Engine/Content/EngineResources/DefaultVolumeTexture2D.uasset" 185
"../../../Engine/Content/EngineResources/DefaultVolumeTexture.uasset" 186
"../../../Engine/Content/EngineResources/GradientTexture0.uasset" 187
"../../../Engine/Content/EngineSounds/Master.uasset" 188
"../../../Engine/Content/Functions/Engine_MaterialFunctions01/Shading/ConvertFromDiffSpec.uasset" 189
"../../../Engine/Content/Functions/Engine_MaterialFunctions01/Shading/PowerToRoughness.uasset" 190
"../../../Engine/Content/Maps/Templates/Thumbnails/Default.uasset" 191
"../../../Engine/Content/Maps/Templates/Thumbnails/VR-Basic.uasset" 192
"../../../Engine/Content/MobileResources/T_MobileControls_texture.uasset" 193
"../../../Engine/Content/MobileResources/T_MobileMenu2.uasset" 194
"../../../Engine/Content/MobileResources/HUD/AnalogHat.uasset" 195
"../../../Engine/Content/MobileResources/HUD/VirtualJoystick_Background.uasset" 196
"../../../Engine/Content/MobileResources/HUD/VirtualJoystick_Thumb.uasset" 197
"../../../Engine/Content/MobileResources/HUD/DefaultVirtualJoysticks.uasset" 198
"../../../Engine/Content/MobileResources/HUD/LeftVirtualJoystickOnly.uasset" 199
"../../../Engine/Content/MobileResources/HUD/MobileHUDButton1_off.uasset" 200
"../../../Engine/Content/MobileResources/HUD/MobileHUDButton1_on.uasset" 201
"../../../Engine/Content/MobileResources/HUD/MobileHUDButton2_off.uasset" 202
"../../../Engine/Content/MobileResources/HUD/MobileHUDButton2_on.uasset" 203
"../../../Engine/Content/MobileResources/HUD/MobileHUDButton3.uasset" 204
"../../../Engine/Content/MobileResources/HUD/MobileHUDButtonFire.uasset" 205
"../../../Engine/Content/MobileResources/HUD/MobileHUDDirectionPad.uasset" 206
"../../../Engine/Content/MobileResources/HUD/MobileHUDDirectionPad2.uasset" 207
"../../../Engine/Content/MobileResources/HUD/MobileHUDDirectionPad3.uasset" 208
"../../../Engine/Content/MobileResources/HUD/MobileHUDDirectionStick.uasset" 209
"../../../Engine/Content/MobileResources/HUD/T_Castle_ThumbstickInner.uasset" 210
"../../../Engine/Content/MobileResources/HUD/T_Castle_ThumbstickOutter.uasset" 211
"../../../Engine/Content/Tutorial/ContentIntroCurve.uasset" 212
"../../../Engine/Content/VREditor/LaserPointer/VR_LaserPower_01.uasset" 213
"../../../Engine/Content/VREditor/TransformGizmo/TransformGizmoMaterial.uasset" 214
"../../../Engine/Content/VREditor/TransformGizmo/TranslucentTransformGizmoMaterial.uasset" 215
"../../../Engine/Content/VREditor/TransformGizmo/BoundingBoxCorner.uasset" 216
"../../../Engine/Content/VREditor/TransformGizmo/BoundingBoxEdge.uasset" 217
"../../../Engine/Content/VREditor/TransformGizmo/PlaneTranslationHandle.uasset" 218
"../../../Engine/Content/VREditor/TransformGizmo/Main.uasset" 219
"../../../Engine/Content/VREditor/TransformGizmo/Xray.uasset" 220
"../../../Engine/Content/VREditor/TransformGizmo/SM_Sequencer_Key.uasset" 221
"../../../Engine/Content/VREditor/TransformGizmo/SM_Sequencer_Node.uasset" 222
"../../Plugins/2D/Paper2D/Content/PlaceholderTextures/DummySpriteTexture.uasset" 223
"../../Plugins/2D/Paper2D/Content/DummySprite.uasset" 224
"../../Plugins/2D/Paper2D/Content/DefaultPaperTerrainMaterial.uasset" 225
"../../Plugins/2D/Paper2D/Content/MaskedUnlitSpriteMaterial.uasset" 226
"../../Plugins/2D/Paper2D/Content/OpaqueUnlitSpriteMaterial.uasset" 227
"../../Plugins/Runtime/Oculus/OculusVR/Content/Materials/PokeAHoleMaterial.uasset" 228
"../../Plugins/Runtime/Oculus/OculusVR/Content/Textures/GearVRController_AO.uasset" 229
"../../Plugins/Runtime/Oculus/OculusVR/Content/Textures/GearVRController_Color.uasset" 230
"../../Plugins/Runtime/Oculus/OculusVR/Content/Textures/GearVRController_Normal.uasset" 231
"../../Plugins/Runtime/Oculus/OculusVR/Content/Materials/GearVRControllerMaterial.uasset" 232
"../../Plugins/Runtime/Oculus/OculusVR/Content/Meshes/GearVrController.uasset" 233
"../../Plugins/Runtime/Oculus/OculusVR/Content/Textures/touchController_albedo.uasset" 234
"../../Plugins/Runtime/Oculus/OculusVR/Content/Textures/touchController_controlmap.uasset" 235
"../../Plugins/Runtime/Oculus/OculusVR/Content/Materials/touchController_mat.uasset" 236
"../../Plugins/Runtime/Oculus/OculusVR/Content/Meshes/LeftTouchController.uasset" 237
"../../Plugins/Runtime/Oculus/OculusVR/Content/Meshes/RiftHMD.uasset" 238
"../../Plugins/Runtime/Oculus/OculusVR/Content/Meshes/RightTouchController.uasset" 239
"../../../../../../GH/DIMTeamWJ2019/KSOS/Content/Sprites/Images/Background/fondmenu.uasset" 240
"../../../../../../GH/DIMTeamWJ2019/KSOS/Content/Sprites/fondmenu_Sprite.uasset" 241
"../../../../../../GH/DIMTeamWJ2019/KSOS/Content/Sprites/Images/UI/BarreTitreAction.uasset" 242
"../../../../../../GH/DIMTeamWJ2019/KSOS/Content/Sprites/Images/UI/flechenext.uasset" 243
"../../../../../../GH/DIMTeamWJ2019/KSOS/Content/Sprites/Images/UI/Plus.uasset" 244
"../../../../../../GH/DIMTeamWJ2019/KSOS/Content/Sprites/Images/UI/RondSkillCount.uasset" 245
"../../../../../../GH/DIMTeamWJ2019/KSOS/Content/Sprites/Images/UI/Skill1.uasset" 246
"../../../../../../GH/DIMTeamWJ2019/KSOS/Content/Sprites/Images/UI/Skill2.uasset" 247
"../../../../../../GH/DIMTeamWJ2019/KSOS/Content/Sprites/Images/UI/skill3.uasset" 248
"../../../../../../GH/DIMTeamWJ2019/KSOS/Content/Widgets/UI_Widgets/Ressource_Widgets.uasset" 249
"../../../../../../GH/DIMTeamWJ2019/KSOS/Content/Maps/GYM_Widget.umap" 250
"../../../../../../GH/DIMTeamWJ2019/KSOS/Content/Maps/KSOS-Level_BuiltData.uasset" 251
"../../../../../../GH/DIMTeamWJ2019/KSOS/Content/Sons/still_smokin-dominik_hauser-140_proud_music_preview__online-audio-converter_com_.uasset" 252
"../../../../../../GH/DIMTeamWJ2019/KSOS/Content/Sons/still_smokin-dominik_hauser-140_proud_music_preview__online-audio-converter_com__Cue.uasset" 253
"../../../../../../GH/DIMTeamWJ2019/KSOS/Content/Sprites/fond_Sprite.uasset" 254
"../../../../../../GH/DIMTeamWJ2019/KSOS/Content/Sprites/Images/Background/mur.uasset" 255
"../../../../../../GH/DIMTeamWJ2019/KSOS/Content/Sprites/mur_Sprite.uasset" 256
"../../../../../../GH/DIMTeamWJ2019/KSOS/Content/Sprites/Images/Background/table.uasset" 257
"../../../../../../GH/DIMTeamWJ2019/KSOS/Content/Sprites/table_Sprite.uasset" 258
"../../../../../../GH/DIMTeamWJ2019/KSOS/Content/Widgets/UI_Widgets/Waiting_Widget.uasset" 259
"../../../../../../GH/DIMTeamWJ2019/KSOS/Content/Maps/KSOS-Level.umap" 260
"../../../../../../GH/DIMTeamWJ2019/KSOS/Content/Structure/Save_BP.uasset" 261
"../../../../../../GH/DIMTeamWJ2019/KSOS/Content/Sprites/Images/Background/Logo.uasset" 262
"../../../../../../GH/DIMTeamWJ2019/KSOS/Content/Widgets/Menu_Widgets/Main_UI.uasset" 263
"../../../../../../GH/DIMTeamWJ2019/KSOS/Content/Sons/Shut-down-sound-effect__online-audio-converter_com_.uasset" 264
"../../../../../../GH/DIMTeamWJ2019/KSOS/Content/Maps/Main-Level.umap" 265
"../../../../../../GH/DIMTeamWJ2019/KSOS/Content/Sons/LOOP_GoodbyeKumiko-MyWildArms-08HarborLightRag__online-audio-converter_com_.uasset" 266
"../../../../../../GH/DIMTeamWJ2019/KSOS/Content/Sons/LOOP_GoodbyeKumiko-MyWildArms-08HarborLightRag__online-audio-converter_com__Cue.uasset" 267
"../../../../../../GH/DIMTeamWJ2019/KSOS/Content/Sprites/Images/Personnages/bouchePsy.uasset" 268
"../../../../../../GH/DIMTeamWJ2019/KSOS/Content/Sprites/Images/Personnages/BouchePsyOptions.uasset" 269
"../../../../../../GH/DIMTeamWJ2019/KSOS/Content/Sprites/Images/Personnages/png-larme-2.uasset" 270
"../../../../../../GH/DIMTeamWJ2019/KSOS/Content/Sprites/Images/UI/BlocNote.uasset" 271
"../../../../../../GH/DIMTeamWJ2019/KSOS/Content/Sprites/Images/UI/PenseBeteBleu.uasset" 272
"../../../../../../GH/DIMTeamWJ2019/KSOS/Content/Sprites/Images/UI/PenseBeteVert.uasset" 273
"../../../../../../GH/DIMTeamWJ2019/KSOS/Content/Widgets/Menu_Widgets/Score_UI.uasset" 274
"../../../../../../GH/DIMTeamWJ2019/KSOS/Content/Widgets/Menu_Widgets/Menu_UI.uasset" 275
"../../../../../../GH/DIMTeamWJ2019/KSOS/Content/Maps/Menu-Level.umap" 276
"../../../../../../GH/DIMTeamWJ2019/KSOS/Content/Sons/bensound-theelevatorbossanova__online-audio-converter_com___1_.uasset" 277
"../../../../../../GH/DIMTeamWJ2019/KSOS/Content/Sons/bensound-theelevatorbossanova__online-audio-converter_com___1__Cue.uasset" 278
"../../../../../../GH/DIMTeamWJ2019/KSOS/Content/Fonts/HPSimplified_Bd.uasset" 279
"../../../../../../GH/DIMTeamWJ2019/KSOS/Content/Fonts/HPSimplified_Bd_Font.uasset" 280
"../../../../../../GH/DIMTeamWJ2019/KSOS/Content/Widgets/Menu_Widgets/Options_UI.uasset" 281
"../../../../../../GH/DIMTeamWJ2019/KSOS/Content/Maps/Options-Level.umap" 282
"../../../../../../GH/DIMTeamWJ2019/KSOS/Content/Sons/cakewalk-dominik_hauser-80-160_proud_music_preview__online-audio-converter_com_.uasset" 283
"../../../../../../GH/DIMTeamWJ2019/KSOS/Content/Sons/cakewalk-dominik_hauser-80-160_proud_music_preview__online-audio-converter_com__Cue.uasset" 284
"../../../../../../GH/DIMTeamWJ2019/KSOS/Content/Maps/Scores_Level.umap" 285
"../../../Engine/Content/Maps/Entry_BuiltData.uasset" 286
"../../../Engine/Content/Maps/Entry.umap" 287
"../../../Engine/Content/EngineSky/C_Sky_Cloud_Color.uasset" 288
"../../../Engine/Content/EngineSky/C_Sky_Horizon_Color.uasset" 289
"../../../Engine/Content/EngineSky/C_Sky_Zenith_Color.uasset" 290
"../../../Engine/Content/EngineSky/T_Sky_Blue.uasset" 291
"../../../Engine/Content/EngineSky/T_Sky_Clouds_M.uasset" 292
"../../../Engine/Content/EngineSky/T_Sky_Stars.uasset" 293
"../../../Engine/Content/EngineSky/M_Sky_Panning_Clouds2.uasset" 294
"../../../Engine/Content/EngineSky/SM_SkySphere.uasset" 295
"../../../Engine/Content/EngineSky/BP_Sky_Sphere.uasset" 296
"../../../Engine/Content/Maps/Templates/Template_Default_BuiltData.uasset" 297
"../../../Engine/Content/MapTemplates/SM_Template_Map_Floor.uasset" 298
"../../../Engine/Content/Maps/Templates/Template_Default.umap" 299
