Log file open, 03/01/19 16:37:03
LogWindows: Failed to load 'aqProf.dll' (GetLastError=126)
LogWindows: File 'aqProf.dll' does not exist
LogWindows: Failed to load 'VtuneApi.dll' (GetLastError=126)
LogWindows: File 'VtuneApi.dll' does not exist
LogWindows: Failed to load 'VtuneApi32e.dll' (GetLastError=126)
LogWindows: File 'VtuneApi32e.dll' does not exist
LogConsoleResponse: Display: Failed to find resolution value strings in scalability ini. Falling back to default.
LogInit: Display: Running engine for game: KSOS
LogPakFile: Registered encryption key '00000000000000000000000000000000': 0 pak files mounted, 0 remain pending
LogPlatformFile: Not using cached read wrapper
LogTaskGraph: Started task graph with 5 named threads and 14 total threads with 3 sets of task threads.
LogStats: Stats thread started at 0.206365
LogD3D11RHI: Loaded GFSDK_Aftermath_Lib.x64.dll
LogICUInternationalization: ICU TimeZone Detection - Raw Offset: -5:00, Platform Override: ''
LogPluginManager: Mounting plugin Paper2D
LogPluginManager: Mounting plugin AISupport
LogPluginManager: Mounting plugin LightPropagationVolume
LogPluginManager: Mounting plugin ActorLayerUtilities
LogPluginManager: Mounting plugin CLionSourceCodeAccess
LogPluginManager: Mounting plugin CodeLiteSourceCodeAccess
LogPluginManager: Mounting plugin GitSourceControl
LogPluginManager: Mounting plugin KDevelopSourceCodeAccess
LogPluginManager: Mounting plugin NullSourceCodeAccess
LogPluginManager: Mounting plugin PerforceSourceControl
LogPluginManager: Mounting plugin SubversionSourceControl
LogPluginManager: Mounting plugin UObjectPlugin
LogPluginManager: Mounting plugin VisualStudioCodeSourceCodeAccess
LogPluginManager: Mounting plugin VisualStudioSourceCodeAccess
LogPluginManager: Mounting plugin XCodeSourceCodeAccess
LogPluginManager: Mounting plugin AssetManagerEditor
LogPluginManager: Mounting plugin CryptoKeys
LogPluginManager: Mounting plugin DataValidation
LogPluginManager: Mounting plugin FacialAnimation
LogPluginManager: Mounting plugin GameplayTagsEditor
LogPluginManager: Mounting plugin MacGraphicsSwitching
LogPluginManager: Mounting plugin MeshEditor
LogPluginManager: Mounting plugin MobileLauncherProfileWizard
LogPluginManager: Mounting plugin PluginBrowser
LogPluginManager: Mounting plugin SpeedTreeImporter
LogPluginManager: Mounting plugin DatasmithContent
LogPluginManager: Mounting plugin VariantManagerContent
LogPluginManager: Mounting plugin AlembicImporter
LogPluginManager: Mounting plugin AppleImageUtils
LogPluginManager: Mounting plugin AppleVision
LogPluginManager: Mounting plugin BackChannel
LogPluginManager: Mounting plugin CharacterAI
LogPluginManager: Mounting plugin GeometryCache
LogPluginManager: Mounting plugin HTML5Networking
LogPluginManager: Mounting plugin ProxyLODPlugin
LogPluginManager: Mounting plugin MagicLeap
LogPluginManager: Mounting plugin MagicLeapMedia
LogPluginManager: Mounting plugin AndroidMedia
LogPluginManager: Mounting plugin AvfMedia
LogPluginManager: Mounting plugin ImgMedia
LogPluginManager: Mounting plugin LinearTimecode
LogPluginManager: Mounting plugin MediaCompositing
LogPluginManager: Mounting plugin MediaPlayerEditor
LogPluginManager: Mounting plugin WebMMedia
LogPluginManager: Mounting plugin WmfMedia
LogPluginManager: Mounting plugin TcpMessaging
LogPluginManager: Mounting plugin UdpMessaging
LogPluginManager: Mounting plugin ActorSequence
LogPluginManager: Mounting plugin LevelSequenceEditor
LogPluginManager: Mounting plugin MatineeToLevelSequence
LogPluginManager: Mounting plugin NetcodeUnitTest
LogPluginManager: Mounting plugin NUTUnrealEngine4
LogPluginManager: Mounting plugin OnlineSubsystemGooglePlay
LogPluginManager: Mounting plugin OnlineSubsystemIOS
LogPluginManager: Mounting plugin OnlineSubsystem
LogPluginManager: Mounting plugin OnlineSubsystemNull
LogPluginManager: Mounting plugin OnlineSubsystemUtils
LogPluginManager: Mounting plugin LauncherChunkInstaller
LogPluginManager: Mounting plugin AndroidDeviceProfileSelector
LogPluginManager: Mounting plugin AndroidMoviePlayer
LogPluginManager: Mounting plugin AndroidPermission
LogPluginManager: Mounting plugin AppleMoviePlayer
LogPluginManager: Mounting plugin ArchVisCharacter
LogPluginManager: Mounting plugin AudioCapture
LogPluginManager: Mounting plugin CableComponent
LogPluginManager: Mounting plugin CustomMeshComponent
LogPluginManager: Mounting plugin EditableMesh
LogPluginManager: Mounting plugin ExampleDeviceProfileSelector
LogPluginManager: Mounting plugin Firebase
LogPluginManager: Mounting plugin GoogleCloudMessaging
LogPluginManager: Mounting plugin IOSDeviceProfileSelector
LogPluginManager: Mounting plugin LinuxDeviceProfileSelector
LogPluginManager: Mounting plugin LocationServicesBPLibrary
LogPluginManager: Mounting plugin MobilePatchingUtils
LogPluginManager: Mounting plugin OculusVR
LogPluginManager: Mounting plugin PhysXVehicles
LogPluginManager: Mounting plugin ProceduralMeshComponent
LogPluginManager: Mounting plugin RuntimePhysXCooking
LogPluginManager: Mounting plugin SteamVR
LogPluginManager: Mounting plugin WebMMoviePlayer
LogPluginManager: Mounting plugin WindowsMoviePlayer
LogStreaming: Display: Took  0.289s to configure plugins.
LogInit: Using libcurl 7.55.1-DEV
LogInit:  - built for x86_64-pc-win32
LogInit:  - supports SSL with OpenSSL/1.0.2h
LogInit:  - supports HTTP deflate (compression) using libz 1.2.8
LogInit:  - other features:
LogInit:      CURL_VERSION_SSL
LogInit:      CURL_VERSION_LIBZ
LogInit:      CURL_VERSION_IPV6
LogInit:      CURL_VERSION_ASYNCHDNS
LogInit:      CURL_VERSION_LARGEFILE
LogInit:      CURL_VERSION_IDN
LogInit:  CurlRequestOptions (configurable via config and command line):
LogInit:  - bVerifyPeer = true  - Libcurl will verify peer certificate
LogInit:  - bUseHttpProxy = false  - Libcurl will NOT use HTTP proxy
LogInit:  - bDontReuseConnections = false  - Libcurl will reuse connections
LogInit:  - MaxHostConnections = 16  - Libcurl will limit the number of connections to a host
LogInit:  - LocalHostAddr = Default
LogInit:  - BufferSize = 65536
LogInit: WinSock: version 1.1 (2.2), MaxSocks=32767, MaxUdp=65467
LogInit: Build: ++UE4+Release-4.21-CL-4753647
LogInit: Engine Version: 4.21.2-4753647+++UE4+Release-4.21
LogInit: Compatible Engine Version: 4.21.0-4541578+++UE4+Release-4.21
LogInit: Net CL: 4541578
LogInit: OS: Windows 10 (), CPU: Intel(R) Core(TM) i5-6300HQ CPU @ 2.30GHz, GPU: Intel(R) HD Graphics 530
LogInit: Compiled (64-bit): Jan 19 2019 02:07:31
LogInit: Compiled with Visual C++: 19.13.26129.00
LogInit: Build Configuration: Development
LogInit: Branch Name: ++UE4+Release-4.21
LogInit: Command Line:  -EpicPortal -epicusername=Sacdeneu -epicuserid=6e5f7447718b4ad3aa9cc9eeabc6f9be -epiclocale=fr-FR
LogInit: Base Directory: C:/Program Files/Epic Games/UE_4.21/Engine/Binaries/Win64/
LogInit: Installed Engine Build: 1
LogDevObjectVersion: Number of dev versions registered: 22
LogDevObjectVersion:   Dev-Blueprints (B0D832E4-1F89-4F0D-ACCF-7EB736FD4AA2): 10
LogDevObjectVersion:   Dev-Build (E1C64328-A22C-4D53-A36C-8E866417BD8C): 0
LogDevObjectVersion:   Dev-Core (375EC13C-06E4-48FB-B500-84F0262A717E): 2
LogDevObjectVersion:   Dev-Editor (E4B068ED-F494-42E9-A231-DA0B2E46BB41): 26
LogDevObjectVersion:   Dev-Framework (CFFC743F-43B0-4480-9391-14DF171D2073): 34
LogDevObjectVersion:   Dev-Mobile (B02B49B5-BB20-44E9-A304-32B752E40360): 2
LogDevObjectVersion:   Dev-Networking (A4E4105C-59A1-49B5-A7C5-40C4547EDFEE): 0
LogDevObjectVersion:   Dev-Online (39C831C9-5AE6-47DC-9A44-9C173E1C8E7C): 0
LogDevObjectVersion:   Dev-Physics (78F01B33-EBEA-4F98-B9B4-84EACCB95AA2): 0
LogDevObjectVersion:   Dev-Platform (6631380F-2D4D-43E0-8009-CF276956A95A): 0
LogDevObjectVersion:   Dev-Rendering (12F88B9F-8875-4AFC-A67C-D90C383ABD29): 27
LogDevObjectVersion:   Dev-Sequencer (7B5AE74C-D270-4C10-A958-57980B212A5A): 9
LogDevObjectVersion:   Dev-VR (D7296918-1DD6-4BDD-9DE2-64A83CC13884): 2
LogDevObjectVersion:   Dev-LoadTimes (C2A15278-BFE7-4AFE-6C17-90FF531DF755): 1
LogDevObjectVersion:   Private-Geometry (6EACA3D4-40EC-4CC1-B786-8BED09428FC5): 3
LogDevObjectVersion:   Dev-AnimPhys (29E575DD-E0A3-4627-9D10-D276232CDCEA): 17
LogDevObjectVersion:   Dev-Anim (AF43A65D-7FD3-4947-9873-3E8ED9C1BB05): 2
LogDevObjectVersion:   Dev-ReflectionCapture (6B266CEC-1EC7-4B8F-A30B-E4D90942FC07): 1
LogDevObjectVersion:   Dev-Automation (0DF73D61-A23F-47EA-B727-89E90C41499A): 1
LogDevObjectVersion:   FortniteMain (601D1886-AC64-4F84-AA16-D3DE0DEAC7D6): 17
LogDevObjectVersion:   Dev-Enterprise (9DFFBCD6-494F-0158-E221-12823C92A888): 4
LogDevObjectVersion:   Dev-Niagara (F2AED0AC-9AFE-416F-8664-AA7FFA26D6FC): 1
LogStreaming: Display: Took  0.000s to delete old logs.
LogInit: Presizing for max 8388607 objects, including 0 objects not considered by GC, pre-allocating 0 bytes for permanent pool.
LogInit: Object subsystem initialized
LogConfig: Setting CVar [[con.DebugEarlyDefault:1]]
LogConfig: Setting CVar [[r.setres:1280x720]]
[2019.03.01-21.37.03:744][  0]LogConfig: Setting CVar [[r.VSync:0]]
[2019.03.01-21.37.03:744][  0]LogConfig: Setting CVar [[r.RHICmdBypass:0]]
[2019.03.01-21.37.03:744][  0]LogConfig: Applying CVar settings from Section [/Script/Engine.RendererSettings] File [C:/Users/Alexandre/Documents/Unreal Projects/KSOS/Saved/Config/Windows/Engine.ini]
[2019.03.01-21.37.03:744][  0]LogConfig: Setting CVar [[r.GPUCrashDebugging:0]]
[2019.03.01-21.37.03:744][  0]LogConfig: Applying CVar settings from Section [/Script/Engine.RendererOverrideSettings] File [C:/Users/Alexandre/Documents/Unreal Projects/KSOS/Saved/Config/Windows/Engine.ini]
[2019.03.01-21.37.03:744][  0]LogConfig: Applying CVar settings from Section [/Script/Engine.StreamingSettings] File [C:/Users/Alexandre/Documents/Unreal Projects/KSOS/Saved/Config/Windows/Engine.ini]
[2019.03.01-21.37.03:744][  0]LogConfig: Setting CVar [[s.MinBulkDataSizeForAsyncLoading:131072]]
[2019.03.01-21.37.03:744][  0]LogConfig: Setting CVar [[s.AsyncLoadingThreadEnabled:0]]
[2019.03.01-21.37.03:744][  0]LogConfig: Setting CVar [[s.EventDrivenLoaderEnabled:1]]
[2019.03.01-21.37.03:744][  0]LogConfig: Setting CVar [[s.WarnIfTimeLimitExceeded:0]]
[2019.03.01-21.37.03:744][  0]LogConfig: Setting CVar [[s.TimeLimitExceededMultiplier:1.5]]
[2019.03.01-21.37.03:744][  0]LogConfig: Setting CVar [[s.TimeLimitExceededMinTime:0.005]]
[2019.03.01-21.37.03:745][  0]LogConfig: Setting CVar [[s.UseBackgroundLevelStreaming:1]]
[2019.03.01-21.37.03:745][  0]LogConfig: Setting CVar [[s.PriorityAsyncLoadingExtraTime:15.0]]
[2019.03.01-21.37.03:745][  0]LogConfig: Setting CVar [[s.LevelStreamingActorsUpdateTimeLimit:5.0]]
[2019.03.01-21.37.03:745][  0]LogConfig: Setting CVar [[s.PriorityLevelStreamingActorsUpdateExtraTime:5.0]]
[2019.03.01-21.37.03:745][  0]LogConfig: Setting CVar [[s.LevelStreamingComponentsRegistrationGranularity:10]]
[2019.03.01-21.37.03:745][  0]LogConfig: Setting CVar [[s.UnregisterComponentsTimeLimit:1.0]]
[2019.03.01-21.37.03:745][  0]LogConfig: Setting CVar [[s.LevelStreamingComponentsUnregistrationGranularity:5]]
[2019.03.01-21.37.03:745][  0]LogConfig: Applying CVar settings from Section [/Script/Engine.GarbageCollectionSettings] File [C:/Users/Alexandre/Documents/Unreal Projects/KSOS/Saved/Config/Windows/Engine.ini]
[2019.03.01-21.37.03:745][  0]LogConfig: Setting CVar [[gc.MaxObjectsNotConsideredByGC:1]]
[2019.03.01-21.37.03:745][  0]LogConfig: Setting CVar [[gc.SizeOfPermanentObjectPool:0]]
[2019.03.01-21.37.03:745][  0]LogConfig: Setting CVar [[gc.FlushStreamingOnGC:0]]
[2019.03.01-21.37.03:745][  0]LogConfig: Setting CVar [[gc.NumRetriesBeforeForcingGC:10]]
[2019.03.01-21.37.03:745][  0]LogConfig: Setting CVar [[gc.AllowParallelGC:1]]
[2019.03.01-21.37.03:745][  0]LogConfig: Setting CVar [[gc.TimeBetweenPurgingPendingKillObjects:61.1]]
[2019.03.01-21.37.03:745][  0]LogConfig: Setting CVar [[gc.MaxObjectsInEditor:8388607]]
[2019.03.01-21.37.03:745][  0]LogConfig: Setting CVar [[gc.IncrementalBeginDestroyEnabled:1]]
[2019.03.01-21.37.03:745][  0]LogConfig: Setting CVar [[gc.CreateGCClusters:1]]
[2019.03.01-21.37.03:745][  0]LogConfig: Setting CVar [[gc.MergeGCClusters:0]]
[2019.03.01-21.37.03:745][  0]LogConfig: Setting CVar [[gc.MinGCClusterSize:5]]
[2019.03.01-21.37.03:745][  0]LogConfig: Setting CVar [[gc.ActorClusteringEnabled:0]]
[2019.03.01-21.37.03:745][  0]LogConfig: Setting CVar [[gc.BlueprintClusteringEnabled:0]]
[2019.03.01-21.37.03:745][  0]LogConfig: Setting CVar [[gc.UseDisregardForGCOnDedicatedServers:0]]
[2019.03.01-21.37.03:745][  0]LogConfig: Applying CVar settings from Section [/Script/Engine.NetworkSettings] File [C:/Users/Alexandre/Documents/Unreal Projects/KSOS/Saved/Config/Windows/Engine.ini]
[2019.03.01-21.37.03:745][  0]LogConfig: Applying CVar settings from Section [/Script/UnrealEd.CookerSettings] File [C:/Users/Alexandre/Documents/Unreal Projects/KSOS/Saved/Config/Windows/Engine.ini]
[2019.03.01-21.37.03:747][  0]LogConfig: Applying CVar settings from Section [ViewDistanceQuality@3] File [C:/Users/Alexandre/Documents/Unreal Projects/KSOS/Saved/Config/Windows/Scalability.ini]
[2019.03.01-21.37.03:747][  0]LogConfig: Setting CVar [[r.SkeletalMeshLODBias:0]]
[2019.03.01-21.37.03:747][  0]LogConfig: Setting CVar [[r.ViewDistanceScale:1.0]]
[2019.03.01-21.37.03:748][  0]LogConfig: Applying CVar settings from Section [AntiAliasingQuality@3] File [C:/Users/Alexandre/Documents/Unreal Projects/KSOS/Saved/Config/Windows/Scalability.ini]
[2019.03.01-21.37.03:748][  0]LogConfig: Setting CVar [[r.PostProcessAAQuality:4]]
[2019.03.01-21.37.03:748][  0]LogConfig: Applying CVar settings from Section [ShadowQuality@3] File [C:/Users/Alexandre/Documents/Unreal Projects/KSOS/Saved/Config/Windows/Scalability.ini]
[2019.03.01-21.37.03:748][  0]LogConfig: Setting CVar [[r.LightFunctionQuality:1]]
[2019.03.01-21.37.03:748][  0]LogConfig: Setting CVar [[r.ShadowQuality:5]]
[2019.03.01-21.37.03:748][  0]LogConfig: Setting CVar [[r.Shadow.CSM.MaxCascades:10]]
[2019.03.01-21.37.03:748][  0]LogConfig: Setting CVar [[r.Shadow.MaxResolution:2048]]
[2019.03.01-21.37.03:748][  0]LogConfig: Setting CVar [[r.Shadow.MaxCSMResolution:2048]]
[2019.03.01-21.37.03:748][  0]LogConfig: Setting CVar [[r.Shadow.RadiusThreshold:0.01]]
[2019.03.01-21.37.03:748][  0]LogConfig: Setting CVar [[r.Shadow.DistanceScale:1.0]]
[2019.03.01-21.37.03:748][  0]LogConfig: Setting CVar [[r.Shadow.CSM.TransitionScale:1.0]]
[2019.03.01-21.37.03:748][  0]LogConfig: Setting CVar [[r.Shadow.PreShadowResolutionFactor:1.0]]
[2019.03.01-21.37.03:748][  0]LogConfig: Setting CVar [[r.DistanceFieldShadowing:1]]
[2019.03.01-21.37.03:748][  0]LogConfig: Setting CVar [[r.DistanceFieldAO:1]]
[2019.03.01-21.37.03:748][  0]LogConfig: Setting CVar [[r.AOQuality:2]]
[2019.03.01-21.37.03:748][  0]LogConfig: Setting CVar [[r.VolumetricFog:1]]
[2019.03.01-21.37.03:748][  0]LogConfig: Setting CVar [[r.VolumetricFog.GridPixelSize:8]]
[2019.03.01-21.37.03:748][  0]LogConfig: Setting CVar [[r.VolumetricFog.GridSizeZ:128]]
[2019.03.01-21.37.03:748][  0]LogConfig: Setting CVar [[r.VolumetricFog.HistoryMissSupersampleCount:4]]
[2019.03.01-21.37.03:748][  0]LogConfig: Setting CVar [[r.LightMaxDrawDistanceScale:1]]
[2019.03.01-21.37.03:748][  0]LogConfig: Setting CVar [[r.CapsuleShadows:1]]
[2019.03.01-21.37.03:748][  0]LogConfig: Applying CVar settings from Section [PostProcessQuality@3] File [C:/Users/Alexandre/Documents/Unreal Projects/KSOS/Saved/Config/Windows/Scalability.ini]
[2019.03.01-21.37.03:748][  0]LogConfig: Setting CVar [[r.MotionBlurQuality:4]]
[2019.03.01-21.37.03:748][  0]LogConfig: Setting CVar [[r.AmbientOcclusionMipLevelFactor:0.4]]
[2019.03.01-21.37.03:748][  0]LogConfig: Setting CVar [[r.AmbientOcclusionMaxQuality:100]]
[2019.03.01-21.37.03:748][  0]LogConfig: Setting CVar [[r.AmbientOcclusionLevels:-1]]
[2019.03.01-21.37.03:748][  0]LogConfig: Setting CVar [[r.AmbientOcclusionRadiusScale:1.0]]
[2019.03.01-21.37.03:748][  0]LogConfig: Setting CVar [[r.DepthOfFieldQuality:2]]
[2019.03.01-21.37.03:748][  0]LogConfig: Setting CVar [[r.RenderTargetPoolMin:400]]
[2019.03.01-21.37.03:748][  0]LogConfig: Setting CVar [[r.LensFlareQuality:2]]
[2019.03.01-21.37.03:748][  0]LogConfig: Setting CVar [[r.SceneColorFringeQuality:1]]
[2019.03.01-21.37.03:748][  0]LogConfig: Setting CVar [[r.EyeAdaptationQuality:2]]
[2019.03.01-21.37.03:748][  0]LogConfig: Setting CVar [[r.BloomQuality:5]]
[2019.03.01-21.37.03:748][  0]LogConfig: Setting CVar [[r.FastBlurThreshold:100]]
[2019.03.01-21.37.03:748][  0]LogConfig: Setting CVar [[r.Upscale.Quality:3]]
[2019.03.01-21.37.03:748][  0]LogConfig: Setting CVar [[r.Tonemapper.GrainQuantization:1]]
[2019.03.01-21.37.03:748][  0]LogConfig: Setting CVar [[r.LightShaftQuality:1]]
[2019.03.01-21.37.03:748][  0]LogConfig: Setting CVar [[r.Filter.SizeScale:1]]
[2019.03.01-21.37.03:748][  0]LogConfig: Setting CVar [[r.Tonemapper.Quality:5]]
[2019.03.01-21.37.03:748][  0]LogConfig: Setting CVar [[r.DOF.Gather.AccumulatorQuality:1        ; higher gathering accumulator quality]]
[2019.03.01-21.37.03:748][  0]LogConfig: Setting CVar [[r.DOF.Gather.PostfilterMethod:1          ; Median3x3 postfilering method]]
[2019.03.01-21.37.03:748][  0]LogConfig: Setting CVar [[r.DOF.Gather.EnableBokehSettings:0       ; no bokeh simulation when gathering]]
[2019.03.01-21.37.03:748][  0]LogConfig: Setting CVar [[r.DOF.Gather.RingCount:4                 ; medium number of samples when gathering]]
[2019.03.01-21.37.03:748][  0]LogConfig: Setting CVar [[r.DOF.Scatter.ForegroundCompositing:1    ; additive foreground scattering]]
[2019.03.01-21.37.03:748][  0]LogConfig: Setting CVar [[r.DOF.Scatter.BackgroundCompositing:2    ; additive background scattering]]
[2019.03.01-21.37.03:748][  0]LogConfig: Setting CVar [[r.DOF.Scatter.EnableBokehSettings:1      ; bokeh simulation when scattering]]
[2019.03.01-21.37.03:748][  0]LogConfig: Setting CVar [[r.DOF.Scatter.MaxSpriteRatio:0.1         ; only a maximum of 10% of scattered bokeh]]
[2019.03.01-21.37.03:748][  0]LogConfig: Setting CVar [[r.DOF.Recombine.Quality:1                ; cheap slight out of focus]]
[2019.03.01-21.37.03:748][  0]LogConfig: Setting CVar [[r.DOF.Recombine.EnableBokehSettings:0    ; no bokeh simulation on slight out of focus]]
[2019.03.01-21.37.03:748][  0]LogConfig: Setting CVar [[r.DOF.TemporalAAQuality:1                ; more stable temporal accumulation]]
[2019.03.01-21.37.03:748][  0]LogConfig: Setting CVar [[r.DOF.Kernel.MaxForegroundRadius:0.025]]
[2019.03.01-21.37.03:748][  0]LogConfig: Setting CVar [[r.DOF.Kernel.MaxBackgroundRadius:0.025]]
[2019.03.01-21.37.03:748][  0]LogConfig: Applying CVar settings from Section [TextureQuality@3] File [C:/Users/Alexandre/Documents/Unreal Projects/KSOS/Saved/Config/Windows/Scalability.ini]
[2019.03.01-21.37.03:748][  0]LogConfig: Setting CVar [[r.Streaming.MipBias:0]]
[2019.03.01-21.37.03:748][  0]LogConfig: Setting CVar [[r.Streaming.AmortizeCPUToGPUCopy:0]]
[2019.03.01-21.37.03:748][  0]LogConfig: Setting CVar [[r.Streaming.MaxNumTexturesToStreamPerFrame:0]]
[2019.03.01-21.37.03:749][  0]LogConfig: Setting CVar [[r.Streaming.Boost:1]]
[2019.03.01-21.37.03:749][  0]LogConfig: Setting CVar [[r.MaxAnisotropy:8]]
[2019.03.01-21.37.03:749][  0]LogConfig: Setting CVar [[r.Streaming.LimitPoolSizeToVRAM:0]]
[2019.03.01-21.37.03:749][  0]LogConfig: Setting CVar [[r.Streaming.PoolSize:1000]]
[2019.03.01-21.37.03:749][  0]LogConfig: Setting CVar [[r.Streaming.MaxEffectiveScreenSize:0]]
[2019.03.01-21.37.03:749][  0]LogConfig: Applying CVar settings from Section [EffectsQuality@3] File [C:/Users/Alexandre/Documents/Unreal Projects/KSOS/Saved/Config/Windows/Scalability.ini]
[2019.03.01-21.37.03:749][  0]LogConfig: Setting CVar [[r.TranslucencyLightingVolumeDim:64]]
[2019.03.01-21.37.03:749][  0]LogConfig: Setting CVar [[r.RefractionQuality:2]]
[2019.03.01-21.37.03:749][  0]LogConfig: Setting CVar [[r.SSR.Quality:3]]
[2019.03.01-21.37.03:749][  0]LogConfig: Setting CVar [[r.SceneColorFormat:4]]
[2019.03.01-21.37.03:749][  0]LogConfig: Setting CVar [[r.DetailMode:2]]
[2019.03.01-21.37.03:749][  0]LogConfig: Setting CVar [[r.TranslucencyVolumeBlur:1]]
[2019.03.01-21.37.03:749][  0]LogConfig: Setting CVar [[r.MaterialQualityLevel:1 ; High quality]]
[2019.03.01-21.37.03:749][  0]LogConfig: Setting CVar [[r.SSS.Scale:1]]
[2019.03.01-21.37.03:749][  0]LogConfig: Setting CVar [[r.SSS.SampleSet:2]]
[2019.03.01-21.37.03:749][  0]LogConfig: Setting CVar [[r.SSS.Quality:1]]
[2019.03.01-21.37.03:749][  0]LogConfig: Setting CVar [[r.SSS.HalfRes:1]]
[2019.03.01-21.37.03:749][  0]LogConfig: Setting CVar [[r.EmitterSpawnRateScale:1.0]]
[2019.03.01-21.37.03:749][  0]LogConfig: Setting CVar [[r.ParticleLightQuality:2]]
[2019.03.01-21.37.03:749][  0]LogConfig: Applying CVar settings from Section [FoliageQuality@3] File [C:/Users/Alexandre/Documents/Unreal Projects/KSOS/Saved/Config/Windows/Scalability.ini]
[2019.03.01-21.37.03:749][  0]LogConfig: Setting CVar [[foliage.DensityScale:1.0]]
[2019.03.01-21.37.03:749][  0]LogConfig: Setting CVar [[grass.DensityScale:1.0]]
[2019.03.01-21.37.03:749][  0]LogInit: Selected Device Profile: [Windows]
[2019.03.01-21.37.03:749][  0]LogInit: Applying CVar settings loaded from the selected device profile: [Windows]
[2019.03.01-21.37.03:757][  0]LogHAL: Display: Platform has ~ 12 GB [12769468416 / 17179869184 / 12], which maps to Larger [LargestMinGB=32, LargerMinGB=12, DefaultMinGB=8, SmallerMinGB=6, SmallestMinGB=0)
[2019.03.01-21.37.03:757][  0]LogConfig: Setting CVar [[r.Vulkan.UseRealUBs:1]]
[2019.03.01-21.37.03:758][  0]LogInit: Going up to parent DeviceProfile []
[2019.03.01-21.37.03:758][  0]LogConfig: Applying CVar settings from Section [ViewDistanceQuality@3] File [C:/Users/Alexandre/Documents/Unreal Projects/KSOS/Saved/Config/Windows/Scalability.ini]
[2019.03.01-21.37.03:758][  0]LogConfig: Setting CVar [[r.SkeletalMeshLODBias:0]]
[2019.03.01-21.37.03:758][  0]LogConfig: Setting CVar [[r.ViewDistanceScale:1.0]]
[2019.03.01-21.37.03:758][  0]LogConfig: Applying CVar settings from Section [AntiAliasingQuality@3] File [C:/Users/Alexandre/Documents/Unreal Projects/KSOS/Saved/Config/Windows/Scalability.ini]
[2019.03.01-21.37.03:758][  0]LogConfig: Setting CVar [[r.PostProcessAAQuality:4]]
[2019.03.01-21.37.03:758][  0]LogConfig: Applying CVar settings from Section [ShadowQuality@3] File [C:/Users/Alexandre/Documents/Unreal Projects/KSOS/Saved/Config/Windows/Scalability.ini]
[2019.03.01-21.37.03:758][  0]LogConfig: Setting CVar [[r.LightFunctionQuality:1]]
[2019.03.01-21.37.03:758][  0]LogConfig: Setting CVar [[r.ShadowQuality:5]]
[2019.03.01-21.37.03:758][  0]LogConfig: Setting CVar [[r.Shadow.CSM.MaxCascades:10]]
[2019.03.01-21.37.03:758][  0]LogConfig: Setting CVar [[r.Shadow.MaxResolution:2048]]
[2019.03.01-21.37.03:758][  0]LogConfig: Setting CVar [[r.Shadow.MaxCSMResolution:2048]]
[2019.03.01-21.37.03:758][  0]LogConfig: Setting CVar [[r.Shadow.RadiusThreshold:0.01]]
[2019.03.01-21.37.03:758][  0]LogConfig: Setting CVar [[r.Shadow.DistanceScale:1.0]]
[2019.03.01-21.37.03:758][  0]LogConfig: Setting CVar [[r.Shadow.CSM.TransitionScale:1.0]]
[2019.03.01-21.37.03:758][  0]LogConfig: Setting CVar [[r.Shadow.PreShadowResolutionFactor:1.0]]
[2019.03.01-21.37.03:758][  0]LogConfig: Setting CVar [[r.DistanceFieldShadowing:1]]
[2019.03.01-21.37.03:758][  0]LogConfig: Setting CVar [[r.DistanceFieldAO:1]]
[2019.03.01-21.37.03:758][  0]LogConfig: Setting CVar [[r.AOQuality:2]]
[2019.03.01-21.37.03:758][  0]LogConfig: Setting CVar [[r.VolumetricFog:1]]
[2019.03.01-21.37.03:758][  0]LogConfig: Setting CVar [[r.VolumetricFog.GridPixelSize:8]]
[2019.03.01-21.37.03:758][  0]LogConfig: Setting CVar [[r.VolumetricFog.GridSizeZ:128]]
[2019.03.01-21.37.03:758][  0]LogConfig: Setting CVar [[r.VolumetricFog.HistoryMissSupersampleCount:4]]
[2019.03.01-21.37.03:758][  0]LogConfig: Setting CVar [[r.LightMaxDrawDistanceScale:1]]
[2019.03.01-21.37.03:758][  0]LogConfig: Setting CVar [[r.CapsuleShadows:1]]
[2019.03.01-21.37.03:758][  0]LogConfig: Applying CVar settings from Section [PostProcessQuality@3] File [C:/Users/Alexandre/Documents/Unreal Projects/KSOS/Saved/Config/Windows/Scalability.ini]
[2019.03.01-21.37.03:758][  0]LogConfig: Setting CVar [[r.MotionBlurQuality:4]]
[2019.03.01-21.37.03:758][  0]LogConfig: Setting CVar [[r.AmbientOcclusionMipLevelFactor:0.4]]
[2019.03.01-21.37.03:758][  0]LogConfig: Setting CVar [[r.AmbientOcclusionMaxQuality:100]]
[2019.03.01-21.37.03:758][  0]LogConfig: Setting CVar [[r.AmbientOcclusionLevels:-1]]
[2019.03.01-21.37.03:758][  0]LogConfig: Setting CVar [[r.AmbientOcclusionRadiusScale:1.0]]
[2019.03.01-21.37.03:758][  0]LogConfig: Setting CVar [[r.DepthOfFieldQuality:2]]
[2019.03.01-21.37.03:758][  0]LogConfig: Setting CVar [[r.RenderTargetPoolMin:400]]
[2019.03.01-21.37.03:758][  0]LogConfig: Setting CVar [[r.LensFlareQuality:2]]
[2019.03.01-21.37.03:758][  0]LogConfig: Setting CVar [[r.SceneColorFringeQuality:1]]
[2019.03.01-21.37.03:758][  0]LogConfig: Setting CVar [[r.EyeAdaptationQuality:2]]
[2019.03.01-21.37.03:758][  0]LogConfig: Setting CVar [[r.BloomQuality:5]]
[2019.03.01-21.37.03:758][  0]LogConfig: Setting CVar [[r.FastBlurThreshold:100]]
[2019.03.01-21.37.03:758][  0]LogConfig: Setting CVar [[r.Upscale.Quality:3]]
[2019.03.01-21.37.03:758][  0]LogConfig: Setting CVar [[r.Tonemapper.GrainQuantization:1]]
[2019.03.01-21.37.03:758][  0]LogConfig: Setting CVar [[r.LightShaftQuality:1]]
[2019.03.01-21.37.03:758][  0]LogConfig: Setting CVar [[r.Filter.SizeScale:1]]
[2019.03.01-21.37.03:758][  0]LogConfig: Setting CVar [[r.Tonemapper.Quality:5]]
[2019.03.01-21.37.03:758][  0]LogConfig: Setting CVar [[r.DOF.Gather.AccumulatorQuality:1        ; higher gathering accumulator quality]]
[2019.03.01-21.37.03:758][  0]LogConfig: Setting CVar [[r.DOF.Gather.PostfilterMethod:1          ; Median3x3 postfilering method]]
[2019.03.01-21.37.03:758][  0]LogConfig: Setting CVar [[r.DOF.Gather.EnableBokehSettings:0       ; no bokeh simulation when gathering]]
[2019.03.01-21.37.03:758][  0]LogConfig: Setting CVar [[r.DOF.Gather.RingCount:4                 ; medium number of samples when gathering]]
[2019.03.01-21.37.03:758][  0]LogConfig: Setting CVar [[r.DOF.Scatter.ForegroundCompositing:1    ; additive foreground scattering]]
[2019.03.01-21.37.03:758][  0]LogConfig: Setting CVar [[r.DOF.Scatter.BackgroundCompositing:2    ; additive background scattering]]
[2019.03.01-21.37.03:758][  0]LogConfig: Setting CVar [[r.DOF.Scatter.EnableBokehSettings:1      ; bokeh simulation when scattering]]
[2019.03.01-21.37.03:758][  0]LogConfig: Setting CVar [[r.DOF.Scatter.MaxSpriteRatio:0.1         ; only a maximum of 10% of scattered bokeh]]
[2019.03.01-21.37.03:758][  0]LogConfig: Setting CVar [[r.DOF.Recombine.Quality:1                ; cheap slight out of focus]]
[2019.03.01-21.37.03:758][  0]LogConfig: Setting CVar [[r.DOF.Recombine.EnableBokehSettings:0    ; no bokeh simulation on slight out of focus]]
[2019.03.01-21.37.03:758][  0]LogConfig: Setting CVar [[r.DOF.TemporalAAQuality:1                ; more stable temporal accumulation]]
[2019.03.01-21.37.03:758][  0]LogConfig: Setting CVar [[r.DOF.Kernel.MaxForegroundRadius:0.025]]
[2019.03.01-21.37.03:759][  0]LogConfig: Setting CVar [[r.DOF.Kernel.MaxBackgroundRadius:0.025]]
[2019.03.01-21.37.03:759][  0]LogConfig: Applying CVar settings from Section [TextureQuality@3] File [C:/Users/Alexandre/Documents/Unreal Projects/KSOS/Saved/Config/Windows/Scalability.ini]
[2019.03.01-21.37.03:759][  0]LogConfig: Setting CVar [[r.Streaming.MipBias:0]]
[2019.03.01-21.37.03:759][  0]LogConfig: Setting CVar [[r.Streaming.AmortizeCPUToGPUCopy:0]]
[2019.03.01-21.37.03:759][  0]LogConfig: Setting CVar [[r.Streaming.MaxNumTexturesToStreamPerFrame:0]]
[2019.03.01-21.37.03:759][  0]LogConfig: Setting CVar [[r.Streaming.Boost:1]]
[2019.03.01-21.37.03:759][  0]LogConfig: Setting CVar [[r.MaxAnisotropy:8]]
[2019.03.01-21.37.03:759][  0]LogConfig: Setting CVar [[r.Streaming.LimitPoolSizeToVRAM:0]]
[2019.03.01-21.37.03:759][  0]LogConfig: Setting CVar [[r.Streaming.PoolSize:1000]]
[2019.03.01-21.37.03:759][  0]LogConfig: Setting CVar [[r.Streaming.MaxEffectiveScreenSize:0]]
[2019.03.01-21.37.03:759][  0]LogConfig: Applying CVar settings from Section [EffectsQuality@3] File [C:/Users/Alexandre/Documents/Unreal Projects/KSOS/Saved/Config/Windows/Scalability.ini]
[2019.03.01-21.37.03:759][  0]LogConfig: Setting CVar [[r.TranslucencyLightingVolumeDim:64]]
[2019.03.01-21.37.03:759][  0]LogConfig: Setting CVar [[r.RefractionQuality:2]]
[2019.03.01-21.37.03:759][  0]LogConfig: Setting CVar [[r.SSR.Quality:3]]
[2019.03.01-21.37.03:759][  0]LogConfig: Setting CVar [[r.SceneColorFormat:4]]
[2019.03.01-21.37.03:759][  0]LogConfig: Setting CVar [[r.DetailMode:2]]
[2019.03.01-21.37.03:759][  0]LogConfig: Setting CVar [[r.TranslucencyVolumeBlur:1]]
[2019.03.01-21.37.03:759][  0]LogConfig: Setting CVar [[r.MaterialQualityLevel:1 ; High quality]]
[2019.03.01-21.37.03:759][  0]LogConfig: Setting CVar [[r.SSS.Scale:1]]
[2019.03.01-21.37.03:759][  0]LogConfig: Setting CVar [[r.SSS.SampleSet:2]]
[2019.03.01-21.37.03:759][  0]LogConfig: Setting CVar [[r.SSS.Quality:1]]
[2019.03.01-21.37.03:759][  0]LogConfig: Setting CVar [[r.SSS.HalfRes:1]]
[2019.03.01-21.37.03:759][  0]LogConfig: Setting CVar [[r.EmitterSpawnRateScale:1.0]]
[2019.03.01-21.37.03:759][  0]LogConfig: Setting CVar [[r.ParticleLightQuality:2]]
[2019.03.01-21.37.03:759][  0]LogConfig: Applying CVar settings from Section [FoliageQuality@3] File [C:/Users/Alexandre/Documents/Unreal Projects/KSOS/Saved/Config/Windows/Scalability.ini]
[2019.03.01-21.37.03:759][  0]LogConfig: Setting CVar [[foliage.DensityScale:1.0]]
[2019.03.01-21.37.03:759][  0]LogConfig: Setting CVar [[grass.DensityScale:1.0]]
[2019.03.01-21.37.03:759][  0]LogConfig: Applying CVar settings from Section [Startup] File [../../../Engine/Config/ConsoleVariables.ini]
[2019.03.01-21.37.03:759][  0]LogConfig: Setting CVar [[net.UseAdaptiveNetUpdateFrequency:0]]
[2019.03.01-21.37.03:759][  0]LogConfig: Applying CVar settings from Section [ConsoleVariables] File [C:/Users/Alexandre/Documents/Unreal Projects/KSOS/Saved/Config/Windows/Engine.ini]
[2019.03.01-21.37.03:759][  0]LogInit: Computer: LAPTOP-C77LPEJ9
[2019.03.01-21.37.03:759][  0]LogInit: User: Alexandre
[2019.03.01-21.37.03:759][  0]LogInit: CPU Page size=4096, Cores=4
[2019.03.01-21.37.03:759][  0]LogInit: High frequency timer resolution =2.250001 MHz
[2019.03.01-21.37.03:760][  0]LogMemory: Memory total: Physical=11.9GB (12GB approx)
[2019.03.01-21.37.03:760][  0]LogMemory: Platform Memory Stats for Windows
[2019.03.01-21.37.03:760][  0]LogMemory: Process Physical Memory: 102.26 MB used, 102.26 MB peak
[2019.03.01-21.37.03:760][  0]LogMemory: Process Virtual Memory: 89.02 MB used, 89.02 MB peak
[2019.03.01-21.37.03:760][  0]LogMemory: Physical Memory: 6579.42 MB used,  5598.49 MB free, 12177.91 MB total
[2019.03.01-21.37.03:760][  0]LogMemory: Virtual Memory: 4639.30 MB used,  134213088.00 MB free, 134217728.00 MB total
[2019.03.01-21.37.03:789][  0]LogInit: Using OS detected language (fr-FR).
[2019.03.01-21.37.03:789][  0]LogInit: Using OS detected locale (fr-FR).
[2019.03.01-21.37.03:790][  0]LogTextLocalizationManager: No specific localization for 'fr-FR' exists, so the 'fr' localization will be used.
[2019.03.01-21.37.03:792][  0]LogStreaming: Display: Took  0.003s to InitEngineTextLocalization.
[2019.03.01-21.37.03:792][  0]LogInit: Setting process to per monitor DPI aware
[2019.03.01-21.37.03:824][  0]LogSlate: New Slate User Created.  User Index 0, Is Virtual User: 0
[2019.03.01-21.37.03:824][  0]LogSlate: Slate User Registered.  User Index 0, Is Virtual User: 0
[2019.03.01-21.37.04:330][  0]LogHMD: Failed to initialize OpenVR with code 110
[2019.03.01-21.37.04:330][  0]LogD3D11RHI: D3D11 adapters:
[2019.03.01-21.37.04:463][  0]LogD3D11RHI:    0. 'NVIDIA GeForce GTX 960M' (Feature Level 11_0)
[2019.03.01-21.37.04:463][  0]LogD3D11RHI:       2007/0/6088 MB DedicatedVideo/DedicatedSystem/SharedSystem, Outputs:1, VendorId:0x10de
[2019.03.01-21.37.04:476][  0]LogD3D11RHI:    1. 'Intel(R) HD Graphics 530' (Feature Level 11_0)
[2019.03.01-21.37.04:476][  0]LogD3D11RHI:       128/0/6088 MB DedicatedVideo/DedicatedSystem/SharedSystem, Outputs:0, VendorId:0x8086
[2019.03.01-21.37.04:479][  0]LogD3D11RHI:    2. 'Microsoft Basic Render Driver' (Feature Level 11_0)
[2019.03.01-21.37.04:479][  0]LogD3D11RHI:       0/0/6088 MB DedicatedVideo/DedicatedSystem/SharedSystem, Outputs:0, VendorId:0x1414
[2019.03.01-21.37.04:479][  0]LogD3D11RHI: Chosen D3D11 Adapter: 0
[2019.03.01-21.37.04:525][  0]LogD3D11RHI: Creating new Direct3DDevice
[2019.03.01-21.37.04:525][  0]LogD3D11RHI:     GPU DeviceId: 0x139b (for the marketing name, search the web for "GPU Device Id")
[2019.03.01-21.37.04:525][  0]LogWindows: EnumDisplayDevices:
[2019.03.01-21.37.04:525][  0]LogWindows:    0. 'Intel(R) HD Graphics 530' (P:1 D:1)
[2019.03.01-21.37.04:525][  0]LogWindows:    1. 'Intel(R) HD Graphics 530' (P:0 D:0)
[2019.03.01-21.37.04:526][  0]LogWindows:    2. 'Intel(R) HD Graphics 530' (P:0 D:0)
[2019.03.01-21.37.04:526][  0]LogWindows:    3. 'NVIDIA GeForce GTX 960M' (P:0 D:0)
[2019.03.01-21.37.04:526][  0]LogWindows: DebugString: PrimaryIsNotTheChoosenAdapter PrimaryIsNotTheChoosenAdapter PrimaryIsNotTheChoosenAdapter 
[2019.03.01-21.37.04:526][  0]LogD3D11RHI:     Adapter Name: NVIDIA GeForce GTX 960M
[2019.03.01-21.37.04:526][  0]LogD3D11RHI:   Driver Version: 418.91 (internal:25.21.14.1891, unified:418.91)
[2019.03.01-21.37.04:526][  0]LogD3D11RHI:      Driver Date: 2-6-2019
[2019.03.01-21.37.04:526][  0]LogRHI: Texture pool is 1405 MB (70% of 2007 MB)
[2019.03.01-21.37.04:574][  0]LogD3D11RHI: Async texture creation enabled
[2019.03.01-21.37.04:726][  0]LogD3D11RHI: GPU Timing Frequency: 1000.000000 (Debug: 2 1)
[2019.03.01-21.37.05:317][  0]LogTemp: Display: Loaded TP AllDesktopTargetPlatform
[2019.03.01-21.37.05:333][  0]LogTemp: Display: Loaded TP MacClientTargetPlatform
[2019.03.01-21.37.05:350][  0]LogTemp: Display: Loaded TP MacNoEditorTargetPlatform
[2019.03.01-21.37.05:366][  0]LogTemp: Display: Loaded TP MacServerTargetPlatform
[2019.03.01-21.37.05:383][  0]LogTemp: Display: Loaded TP MacTargetPlatform
[2019.03.01-21.37.05:399][  0]LogTemp: Display: Loaded TP WindowsClientTargetPlatform
[2019.03.01-21.37.05:414][  0]LogTemp: Display: Loaded TP WindowsNoEditorTargetPlatform
[2019.03.01-21.37.05:431][  0]LogTemp: Display: Loaded TP WindowsServerTargetPlatform
[2019.03.01-21.37.05:439][  0]LogTemp: Display: Loaded TP WindowsTargetPlatform
[2019.03.01-21.37.05:534][  0]LogTemp: Display: Loaded TP AndroidTargetPlatform
[2019.03.01-21.37.05:534][  0]LogTemp: Display: Loaded TP AndroidTargetPlatform
[2019.03.01-21.37.05:534][  0]LogTemp: Display: Loaded TP AndroidTargetPlatform
[2019.03.01-21.37.05:534][  0]LogTemp: Display: Loaded TP AndroidTargetPlatform
[2019.03.01-21.37.05:534][  0]LogTemp: Display: Loaded TP AndroidTargetPlatform
[2019.03.01-21.37.05:534][  0]LogTemp: Display: Loaded TP AndroidTargetPlatform
[2019.03.01-21.37.05:534][  0]LogTemp: Display: Loaded TP AndroidTargetPlatform
[2019.03.01-21.37.05:534][  0]LogTemp: Display: Loaded TP AndroidTargetPlatform
[2019.03.01-21.37.05:534][  0]LogTemp: Display: Loaded TP AndroidTargetPlatform
[2019.03.01-21.37.05:534][  0]LogTemp: Display: Loaded TP AndroidTargetPlatform
[2019.03.01-21.37.05:534][  0]LogTemp: Display: Loaded TP AndroidTargetPlatform
[2019.03.01-21.37.05:534][  0]LogTemp: Display: Loaded TP AndroidTargetPlatform
[2019.03.01-21.37.05:534][  0]LogTemp: Display: Loaded TP AndroidTargetPlatform
[2019.03.01-21.37.05:534][  0]LogTemp: Display: Loaded TP AndroidTargetPlatform
[2019.03.01-21.37.05:534][  0]LogTemp: Display: Loaded TP AndroidTargetPlatform
[2019.03.01-21.37.05:534][  0]LogTemp: Display: Loaded TP AndroidTargetPlatform
[2019.03.01-21.37.05:534][  0]LogTemp: Display: Loaded TP AndroidTargetPlatform
[2019.03.01-21.37.05:534][  0]LogTemp: Display: Loaded TP AndroidTargetPlatform
[2019.03.01-21.37.05:536][  0]LogTemp: Display: Loaded TP HTML5TargetPlatform
[2019.03.01-21.37.05:601][  0]LogTemp: Display: Loaded TP IOSTargetPlatform
[2019.03.01-21.37.05:601][  0]LogTemp: Display: Loaded TP IOSTargetPlatform
[2019.03.01-21.37.05:628][  0]LogTemp: Display: Loaded TP TVOSTargetPlatform
[2019.03.01-21.37.05:628][  0]LogTemp: Display: Loaded TP TVOSTargetPlatform
[2019.03.01-21.37.05:642][  0]LogTemp: Display: Loaded TP LinuxClientTargetPlatform
[2019.03.01-21.37.05:656][  0]LogTemp: Display: Loaded TP LinuxNoEditorTargetPlatform
[2019.03.01-21.37.05:670][  0]LogTemp: Display: Loaded TP LinuxServerTargetPlatform
[2019.03.01-21.37.05:683][  0]LogTemp: Display: Loaded TP LinuxTargetPlatform
[2019.03.01-21.37.05:739][  0]LogTemp: Display: Loaded TP LuminTargetPlatform
[2019.03.01-21.37.05:739][  0]LogTemp: Display: Loaded TP LuminTargetPlatform
[2019.03.01-21.37.05:739][  0]LogTargetPlatformManager: Display: Building Assets For Windows
[2019.03.01-21.37.05:816][  0]LogShaderCompilers: Guid format shader working directory is -15 characters bigger than the processId version (../../../../../../Users/Alexandre/Documents/Unreal Projects/KSOS/Intermediate/Shaders/WorkingDirectory/12336/).
[2019.03.01-21.37.05:816][  0]LogShaderCompilers: Cleaned the shader compiler working directory 'C:/Users/Alexandre/AppData/Local/Temp/UnrealShaderWorkingDir/BF6368A14ACB271665B2F891DD31EBC6/'.
[2019.03.01-21.37.05:820][  0]LogXGEController: Cannot use XGE Controller as Incredibuild is not installed on this machine.
[2019.03.01-21.37.05:820][  0]LogShaderCompilers: Cannot use XGE Shader Compiler as Incredibuild is not installed on this machine.
[2019.03.01-21.37.05:820][  0]LogShaderCompilers: Display: Using Local Shader Compiler.
[2019.03.01-21.37.06:410][  0]LogDerivedDataCache: Display: Max Cache Size: 512 MB
[2019.03.01-21.37.06:485][  0]LogDerivedDataCache: Loaded boot cache 0.08s 86MB C:/Users/Alexandre/AppData/Local/UnrealEngine/4.21/DerivedDataCache/Boot.ddc.
[2019.03.01-21.37.06:485][  0]LogDerivedDataCache: Display: Loaded Boot cache: C:/Users/Alexandre/AppData/Local/UnrealEngine/4.21/DerivedDataCache/Boot.ddc
[2019.03.01-21.37.06:485][  0]LogDerivedDataCache: FDerivedDataBackendGraph:  Pak pak cache file ../../../../../../Users/Alexandre/Documents/Unreal Projects/KSOS/DerivedDataCache/DDC.ddp not found, will not use a pak cache.
[2019.03.01-21.37.06:485][  0]LogDerivedDataCache: Unable to find inner node Pak for hierarchical cache Hierarchy.
[2019.03.01-21.37.06:485][  0]LogDerivedDataCache: FDerivedDataBackendGraph:  CompressedPak pak cache file ../../../../../../Users/Alexandre/Documents/Unreal Projects/KSOS/DerivedDataCache/Compressed.ddp not found, will not use a pak cache.
[2019.03.01-21.37.06:485][  0]LogDerivedDataCache: Unable to find inner node CompressedPak for hierarchical cache Hierarchy.
[2019.03.01-21.37.06:500][  0]LogDerivedDataCache: Display: Pak cache opened for reading ../../../Engine/DerivedDataCache/Compressed.ddp.
[2019.03.01-21.37.06:500][  0]LogDerivedDataCache: FDerivedDataBackendGraph:  EnterprisePak pak cache file ../../../Enterprise/DerivedDataCache/Compressed.ddp not found, will not use a pak cache.
[2019.03.01-21.37.06:500][  0]LogDerivedDataCache: Unable to find inner node EnterprisePak for hierarchical cache Hierarchy.
[2019.03.01-21.37.06:513][  0]LogDerivedDataCache: Using Local data cache path C:/Users/Alexandre/AppData/Local/UnrealEngine/Common/DerivedDataCache: Writable
[2019.03.01-21.37.06:513][  0]LogDerivedDataCache: Shared data cache path not found in *engine.ini, will not use an Shared cache.
[2019.03.01-21.37.06:513][  0]LogDerivedDataCache: Unable to find inner node Shared for hierarchical cache Hierarchy.
[2019.03.01-21.37.06:552][  0]LogMaterial: Verifying Global Shaders for PCD3D_SM5
[2019.03.01-21.37.06:554][  0]LogSlate: Using FreeType 2.6.0
[2019.03.01-21.37.06:555][  0]LogSlate: SlateFontServices - WITH_FREETYPE: 1, WITH_HARFBUZZ: 1
[2019.03.01-21.37.06:653][  0]LogAssetRegistry: FAssetRegistry took 0.0352 seconds to start up
[2019.03.01-21.37.07:036][  0]LogInit: Selected Device Profile: [Windows]
[2019.03.01-21.37.07:120][  0]LogSimplygon: Simplygon DLL not present - disabling.
[2019.03.01-21.37.07:125][  0]LogMeshReduction: Using SimplygonSwarm for distributed automatic mesh merging
[2019.03.01-21.37.07:125][  0]LogMeshReduction: Using ProxyLODMeshReduction for automatic mesh merging
[2019.03.01-21.37.07:125][  0]LogMeshReduction: Using QuadricMeshReduction for automatic static mesh reduction
[2019.03.01-21.37.07:125][  0]LogMeshReduction: No automatic skeletal mesh reduction module available
[2019.03.01-21.37.07:240][  0]LogNetVersion: KSOS 1.0.0, NetCL: 4541578, EngineNetVer: 5, GameNetVer: 0 (Checksum: 103112258)
[2019.03.01-21.37.07:836][  0]LogPackageLocalizationCache: Processed 11 localized package path(s) for 2 prioritized culture(s) in 0.079295 seconds
[2019.03.01-21.37.07:843][  0]LogUObjectArray: 39775 objects as part of root set at end of initial load.
[2019.03.01-21.37.07:843][  0]LogUObjectAllocator: 6914664 out of 0 bytes used by permanent object pool.
[2019.03.01-21.37.07:843][  0]LogUObjectArray: CloseDisregardForGC: 0/0 objects in disregard for GC pool
[2019.03.01-21.37.08:881][  0]LogTcpMessaging: Initializing TcpMessaging bridge
[2019.03.01-21.37.08:907][  0]LogUdpMessaging: Initializing bridge on interface 0.0.0.0:0 to multicast group 230.0.0.1:6666.
[2019.03.01-21.37.08:907][  0]FUdpSocketBuilder: Failed to subscribe UdpMessageMulticastSocket to multicast group 230.0.0.1
[2019.03.01-21.37.08:907][  0]FUdpSocketBuilder: Failed to create and initialize socket UdpMessageMulticastSocket (last error: 0)
[2019.03.01-21.37.08:908][  0]LogUdpMessaging: Warning: StartTransport failed to create multicast socket on 0.0.0.0:0, joined to 230.0.0.1:6666 with TTL 1
[2019.03.01-21.37.09:708][  0]SourceControl: Source control is disabled
[2019.03.01-21.37.09:708][  0]SourceControl: Source control is disabled
[2019.03.01-21.37.09:710][  0]SourceControl: Source control is disabled
[2019.03.01-21.37.09:711][  0]SourceControl: Source control is disabled
[2019.03.01-21.37.09:887][  0]LogAndroidPermission: UAndroidPermissionCallbackProxy::GetInstance
[2019.03.01-21.37.09:992][  0]LogOcInput: OculusInput pre-init called
[2019.03.01-21.37.10:137][  0]LogEngine: Initializing Engine...
[2019.03.01-21.37.10:138][  0]LogHMD: Failed to initialize OpenVR with code 110
[2019.03.01-21.37.10:139][  0]LogStats: UGameplayTagsManager::ConstructGameplayTagTree: ImportINI prefixes -  0.000 s
[2019.03.01-21.37.10:139][  0]LogStats: UGameplayTagsManager::ConstructGameplayTagTree: Construct from data asset -  0.000 s
[2019.03.01-21.37.10:139][  0]LogStats: UGameplayTagsManager::ConstructGameplayTagTree: ImportINI -  0.000 s
[2019.03.01-21.37.10:139][  0]LogStats: UGameplayTagsManager::ConstructGameplayTagTree: GameplayTagTreeChangedEvent.Broadcast -  0.000 s
[2019.03.01-21.37.10:416][  0]LogInit: Initializing FReadOnlyCVARCache
[2019.03.01-21.37.10:433][  0]LogAIModule: Creating AISystem for world Untitled
[2019.03.01-21.37.10:466][  0]LogInit: XAudio2 using 'Casque (JBL T450BT Stereo)' : 2 channels at 44.1 kHz using 16 bits per sample (channel mask 0x3)
[2019.03.01-21.37.10:500][  0]LogInit: FAudioDevice initialized.
[2019.03.01-21.37.10:500][  0]LogNetVersion: Set ProjectVersion to 1.0.0.0. Version Checksum will be recalculated on next use.
[2019.03.01-21.37.10:747][  0]LogDerivedDataCache: Saved boot cache 0.25s 86MB C:/Users/Alexandre/AppData/Local/UnrealEngine/4.21/DerivedDataCache/Boot.ddc.
[2019.03.01-21.37.10:756][  0]LogInit: Texture streaming: Enabled
[2019.03.01-21.37.10:779][  0]LogEngineSessionManager: EngineSessionManager initialized
[2019.03.01-21.37.10:797][  0]LogInit: Transaction tracking system initialized
[2019.03.01-21.37.10:831][  0]BlueprintLog: New page: Editor Load
[2019.03.01-21.37.10:979][  0]LocalizationService: Localization service is disabled
[2019.03.01-21.37.11:223][  0]LogLinker: Warning: Can't find file '/Game/FirstPersonBP/FirstPersonOverview'
[2019.03.01-21.37.11:223][  0]LogLinker: Warning: Can't find file '/Game/FirstPersonBP/FirstPersonOverview'
[2019.03.01-21.37.11:223][  0]LogUObjectGlobals: Warning: Failed to find object 'Class /Game/FirstPersonBP/FirstPersonOverview.FirstPersonOverview_C'
[2019.03.01-21.37.11:724][  0]LogFileCache: Scanning file cache for directory 'C:/Users/Alexandre/Documents/Unreal Projects/KSOS/Content/' took 0.01s
[2019.03.01-21.37.11:724][  0]LogCook: Display: Max memory allowance for cook 16384mb min free memory 0mb
[2019.03.01-21.37.11:724][  0]LogCook: Display: Mobile HDR setting 1
[2019.03.01-21.37.11:724][  0]LogGameplayTags: Display: UGameplayTagsManager::DoneAddingNativeTags. DelegateIsBound: 0
[2019.03.01-21.37.11:724][  0]LogStats: UGameplayTagsManager::ConstructGameplayTagTree: ImportINI prefixes -  0.000 s
[2019.03.01-21.37.11:724][  0]LogStats: UGameplayTagsManager::ConstructGameplayTagTree: Construct from data asset -  0.000 s
[2019.03.01-21.37.11:724][  0]LogStats: UGameplayTagsManager::ConstructGameplayTagTree: ImportINI -  0.000 s
[2019.03.01-21.37.11:724][  0]LogStats: UGameplayTagsManager::ConstructGameplayTagTree: GameplayTagTreeChangedEvent.Broadcast -  0.000 s
[2019.03.01-21.37.11:887][  0]SourceControl: Source control is disabled
[2019.03.01-21.37.11:887][  0]Cmd: MAP LOAD FILE="../../../Engine/Content/Maps/Templates/Template_Default.umap" TEMPLATE=1 SHOWPROGRESS=1 FEATURELEVEL=3
[2019.03.01-21.37.11:888][  0]LightingResults: New page: Lighting Build
[2019.03.01-21.37.11:892][  0]MapCheck: New page: Map Check
[2019.03.01-21.37.11:892][  0]LightingResults: New page: Lighting Build
[2019.03.01-21.37.12:084][  0]LogAIModule: Creating AISystem for world Untitled_1
[2019.03.01-21.37.12:092][  0]LogEditorServer: Finished looking for orphan Actors (0.000 secs)
[2019.03.01-21.37.12:118][  0]Cmd: MAP CHECKDEP NOCLEARLOG
[2019.03.01-21.37.12:119][  0]MapCheck: Map check complete: 0 Error(s), 0 Warning(s), took 0,268ms to complete.
[2019.03.01-21.37.12:119][  0]LogFileHelpers: Loading map 'Template_Default' took 0.232
[2019.03.01-21.37.12:816][  0]LogSlate: Updating window title bar state: overlay mode, drag disabled, window buttons hidden, title bar hidden
[2019.03.01-21.37.12:825][  0]LogSlate: Updating window title bar state: overlay mode, drag disabled, window buttons hidden, title bar hidden
[2019.03.01-21.37.12:833][  0]LogSlate: Updating window title bar state: overlay mode, drag disabled, window buttons hidden, title bar hidden
[2019.03.01-21.37.12:841][  0]LogSlate: Updating window title bar state: overlay mode, drag disabled, window buttons hidden, title bar hidden
[2019.03.01-21.37.12:908][  0]LogCollectionManager: Loaded 0 collections in 0.002278 seconds
[2019.03.01-21.37.13:009][  0]LogFileCache: Scanning file cache for directory 'C:/Users/Alexandre/Documents/Unreal Projects/KSOS/Saved/Collections/' took 0.01s
[2019.03.01-21.37.13:009][  0]LogFileCache: Scanning file cache for directory 'C:/Users/Alexandre/Documents/Unreal Projects/KSOS/Content/Developers/Alexandre/Collections/' took 0.01s
[2019.03.01-21.37.13:009][  0]LogFileCache: Scanning file cache for directory 'C:/Users/Alexandre/Documents/Unreal Projects/KSOS/Content/Collections/' took 0.01s
[2019.03.01-21.37.13:009][  0]LogCollectionManager: Rebuilt the GUID cache for 0 collections in 0.000000 seconds
[2019.03.01-21.37.13:021][  0]LogContentBrowser: Native class hierarchy populated in 0.0106 seconds. Added 2651 classes and 620 folders.
[2019.03.01-21.37.13:073][  0]LogContentBrowser: Native class hierarchy updated for 'WidgetCarousel' in 0.0003 seconds. Added 0 classes and 0 folders.
[2019.03.01-21.37.13:140][  0]LogPakFile: Registered encryption key '00000000000000000000000000000000': 0 pak files mounted, 0 remain pending
[2019.03.01-21.37.13:152][  0]LogPakFile: Registered encryption key '00000000000000000000000000000000': 0 pak files mounted, 0 remain pending
[2019.03.01-21.37.13:155][  0]LogPakFile: Registered encryption key '00000000000000000000000000000000': 0 pak files mounted, 0 remain pending
[2019.03.01-21.37.13:163][  0]LogPakFile: Registered encryption key '00000000000000000000000000000000': 0 pak files mounted, 0 remain pending
[2019.03.01-21.37.13:166][  0]LogPakFile: Registered encryption key '00000000000000000000000000000000': 0 pak files mounted, 0 remain pending
[2019.03.01-21.37.13:169][  0]LogPakFile: Registered encryption key '00000000000000000000000000000000': 0 pak files mounted, 0 remain pending
[2019.03.01-21.37.13:172][  0]LogPakFile: Registered encryption key '00000000000000000000000000000000': 0 pak files mounted, 0 remain pending
[2019.03.01-21.37.13:174][  0]LogPakFile: Registered encryption key '00000000000000000000000000000000': 0 pak files mounted, 0 remain pending
[2019.03.01-21.37.13:177][  0]LogPakFile: Registered encryption key '00000000000000000000000000000000': 0 pak files mounted, 0 remain pending
[2019.03.01-21.37.13:179][  0]LogPakFile: Registered encryption key '00000000000000000000000000000000': 0 pak files mounted, 0 remain pending
[2019.03.01-21.37.13:193][  0]LogPakFile: Registered encryption key '00000000000000000000000000000000': 0 pak files mounted, 0 remain pending
[2019.03.01-21.37.13:211][  0]LogPakFile: Registered encryption key '00000000000000000000000000000000': 0 pak files mounted, 0 remain pending
[2019.03.01-21.37.13:214][  0]LogPakFile: Registered encryption key '00000000000000000000000000000000': 0 pak files mounted, 0 remain pending
[2019.03.01-21.37.13:229][  0]LogPakFile: Registered encryption key '00000000000000000000000000000000': 0 pak files mounted, 0 remain pending
[2019.03.01-21.37.13:232][  0]LogPakFile: Registered encryption key '00000000000000000000000000000000': 0 pak files mounted, 0 remain pending
[2019.03.01-21.37.13:235][  0]LogPakFile: Registered encryption key '00000000000000000000000000000000': 0 pak files mounted, 0 remain pending
[2019.03.01-21.37.13:238][  0]LogPakFile: Registered encryption key '00000000000000000000000000000000': 0 pak files mounted, 0 remain pending
[2019.03.01-21.37.13:249][  0]LogPakFile: Registered encryption key '00000000000000000000000000000000': 0 pak files mounted, 0 remain pending
[2019.03.01-21.37.13:252][  0]LogPakFile: Registered encryption key '00000000000000000000000000000000': 0 pak files mounted, 0 remain pending
[2019.03.01-21.37.13:254][  0]LogPakFile: Registered encryption key '00000000000000000000000000000000': 0 pak files mounted, 0 remain pending
[2019.03.01-21.37.13:257][  0]LogPakFile: Registered encryption key '00000000000000000000000000000000': 0 pak files mounted, 0 remain pending
[2019.03.01-21.37.13:260][  0]LogPakFile: Registered encryption key '00000000000000000000000000000000': 0 pak files mounted, 0 remain pending
[2019.03.01-21.37.13:282][  0]LogPakFile: Registered encryption key '00000000000000000000000000000000': 0 pak files mounted, 0 remain pending
[2019.03.01-21.37.13:300][  0]LogPakFile: Registered encryption key '00000000000000000000000000000000': 0 pak files mounted, 0 remain pending
[2019.03.01-21.37.13:303][  0]LogPakFile: Registered encryption key '00000000000000000000000000000000': 0 pak files mounted, 0 remain pending
[2019.03.01-21.37.13:324][  0]LogPakFile: Registered encryption key '00000000000000000000000000000000': 0 pak files mounted, 0 remain pending
[2019.03.01-21.37.14:336][  0]LogContentBrowser: Native class hierarchy updated for 'AddContentDialog' in 0.0003 seconds. Added 0 classes and 0 folders.
[2019.03.01-21.37.14:432][  0]LogContentBrowser: Native class hierarchy updated for 'SceneOutliner' in 0.0003 seconds. Added 1 classes and 2 folders.
[2019.03.01-21.37.15:419][  0]LogSlate: Took 0.000289 seconds to synchronously load lazily loaded font '../../../Engine/Content/Slate/Fonts/Roboto-Regular.ttf' (155K)
[2019.03.01-21.37.15:422][  0]LogSlate: Took 0.000159 seconds to synchronously load lazily loaded font '../../../Engine/Content/Slate/Fonts/Roboto-Bold.ttf' (160K)
[2019.03.01-21.37.15:548][  0]LogSlate: Took 0.030136 seconds to synchronously load lazily loaded font '../../../Engine/Content/Editor/Slate/Fonts/FontAwesome.ttf' (139K)
[2019.03.01-21.37.15:807][  0]LogRenderer: Reallocating scene render targets to support 964x436 Format 10 NumSamples 1 (Frame:1).
[2019.03.01-21.37.16:591][  0]LogContentBrowser: Native class hierarchy updated for 'HierarchicalLODOutliner' in 0.0003 seconds. Added 0 classes and 0 folders.
[2019.03.01-21.37.16:591][  0]LogLoad: (Engine Initialization) Total time: 15.16 seconds
[2019.03.01-21.37.16:591][  0]LogLoad: (Engine Initialization) Total Blueprint compile time: 0.00 seconds
[2019.03.01-21.37.16:714][  0]LogContentStreaming: Texture pool size now 1000 MB
[2019.03.01-21.37.17:046][  2]LogAssetRegistry: Asset discovery search completed in 10.4151 seconds
[2019.03.01-21.37.17:048][  2]LogCollectionManager: Rebuilt the object cache for 0 collections in 0.000000 seconds (found 0 objects)
[2019.03.01-21.37.17:049][  2]LogCollectionManager: Fixed up redirectors for 0 collections in 0.000242 seconds (updated 0 objects)
[2019.03.01-21.37.23:119][ 20]LogSlate: FSceneViewport::OnFocusLost() reason 2
[2019.03.01-21.37.29:179][379]LogSlate: FSceneViewport::OnFocusLost() reason 2
[2019.03.01-21.37.30:987][379]LogSlate: Window 'New Level' being destroyed
[2019.03.01-21.37.31:008][379]LightingResults: New page: Lighting Build
[2019.03.01-21.37.31:009][379]MapCheck: New page: Map Check
[2019.03.01-21.37.31:009][379]LightingResults: New page: Lighting Build
[2019.03.01-21.37.31:049][379]LogAIModule: Creating AISystem for world Untitled
[2019.03.01-21.37.31:155][379]LoadErrors: New page: New Map
[2019.03.01-21.37.33:533][513]LogSlate: FSceneViewport::OnFocusLost() reason 2
[2019.03.01-21.37.34:523][562]LogSlate: FSceneViewport::OnFocusLost() reason 2
[2019.03.01-21.37.35:907][562]LogSlate: Window 'Save Level As' being destroyed
[2019.03.01-21.37.36:759][611]LogSlate: FSceneViewport::OnFocusLost() reason 2
[2019.03.01-21.37.45:726][149]LogSlate: FSceneViewport::OnFocusLost() reason 0
[2019.03.01-21.38.06:294][431]LogSlate: Window 'Save Level As' being destroyed
[2019.03.01-21.38.06:304][431]LogSlate: Took 0.000671 seconds to synchronously load lazily loaded font '../../../Engine/Content/Slate/Fonts/Roboto-Light.ttf' (167K)
[2019.03.01-21.38.06:338][431]Cmd: OBJ SAVEPACKAGE PACKAGE="/Game/KSOS-Level" FILE="../../../../../../Users/Alexandre/Documents/Unreal Projects/KSOS/Content/KSOS-Level.umap" SILENT=true AUTOSAVING=false KEEPDIRTY=false
[2019.03.01-21.38.06:525][431]LogSavePackage: Moving '../../../../../../Users/Alexandre/Documents/Unreal Projects/KSOS/Saved/KSOS-LevelF28B51EC48CB6B62AB7355A0ADD172D9.tmp' to '../../../../../../Users/Alexandre/Documents/Unreal Projects/KSOS/Content/KSOS-Level.umap'
[2019.03.01-21.38.06:593][431]LogFileHelpers: Saving map 'KSOS-Level' took 0.292
[2019.03.01-21.38.06:594][431]Cmd: MAP LOAD FILE="../../../../../../Users/Alexandre/Documents/Unreal Projects/KSOS/Content/KSOS-Level.umap" TEMPLATE=0 SHOWPROGRESS=1 FEATURELEVEL=3
[2019.03.01-21.38.06:616][431]LightingResults: New page: Lighting Build
[2019.03.01-21.38.06:617][431]LoadErrors: New page: Loading map: KSOS-Level.umap
[2019.03.01-21.38.06:621][431]MapCheck: New page: Map Check
[2019.03.01-21.38.06:621][431]LightingResults: New page: Lighting Build
[2019.03.01-21.38.06:656][431]LogAIModule: Creating AISystem for world KSOS-Level
[2019.03.01-21.38.06:746][431]LogEditorServer: Finished looking for orphan Actors (0.000 secs)
[2019.03.01-21.38.06:783][431]Cmd: MAP CHECKDEP NOCLEARLOG
[2019.03.01-21.38.06:784][431]MapCheck: Map check complete: 0 Error(s), 0 Warning(s), took 0,151ms to complete.
[2019.03.01-21.38.06:784][431]LogFileHelpers: Loading map 'KSOS-Level' took 0.191
[2019.03.01-21.38.06:953][437]LogSlate: Took 0.000129 seconds to synchronously load lazily loaded font '../../../Engine/Content/Slate/Fonts/Roboto-Light.ttf' (167K)
[2019.03.01-21.59.46:084][167]LogFactory: Error: Can't find file 'PrototypeTexture.png' for import
[2019.03.01-21.59.51:939][167]LogSlate: Window 'Message' being destroyed
[2019.03.01-21.59.51:945][167]LogAssetTools: Warning: Failed to import 'PrototypeTexture.png'. Failed to create asset '/Game/Textures/PrototypeTexture'.
Please see Output Log for details.
[2019.03.01-21.59.51:948][167]LogFactory: Error: Can't find file 'CharacterJumping.png' for import
[2019.03.01-21.59.53:434][167]LogSlate: Window 'Message' being destroyed
[2019.03.01-21.59.53:437][167]LogAssetTools: Warning: Failed to import 'CharacterJumping.png'. Failed to create asset '/Game/Textures/CharacterJumping'.
Please see Output Log for details.
[2019.03.01-21.59.53:440][167]LogFactory: Error: Can't find file '2DCharacter_RunAnimAtlas.TGA' for import
[2019.03.01-21.59.56:858][167]LogSlate: Window 'Message' being destroyed
[2019.03.01-21.59.56:864][167]LogAssetTools: Warning: Failed to import '2DCharacter_RunAnimAtlas.TGA'. Failed to create asset '/Game/Textures/2DCharacter_RunAnimAtlas'.
Please see Output Log for details.
[2019.03.01-21.59.56:867][167]LogFactory: Error: Can't find file '2DCharacter_IdleAnimAtlas.TGA' for import
[2019.03.01-21.59.57:640][167]LogSlate: Window 'Message' being destroyed
[2019.03.01-21.59.57:644][167]LogAssetTools: Warning: Failed to import '2DCharacter_IdleAnimAtlas.TGA'. Failed to create asset '/Game/Textures/2DCharacter_IdleAnimAtlas'.
Please see Output Log for details.
[2019.03.01-21.59.57:646][167]LogFactory: Error: Can't find file '2DBackgroundTile.TGA' for import
[2019.03.01-21.59.58:144][167]LogSlate: Window 'Message' being destroyed
[2019.03.01-21.59.58:149][167]LogAssetTools: Warning: Failed to import '2DBackgroundTile.TGA'. Failed to create asset '/Game/Textures/2DBackgroundTile'.
Please see Output Log for details.
[2019.03.01-21.59.58:153][167]LogFactory: Error: Can't find file '2DBackgroundBlockAtlas.TGA' for import
[2019.03.01-21.59.58:595][167]LogSlate: Window 'Message' being destroyed
[2019.03.01-21.59.58:601][167]LogAssetTools: Warning: Failed to import '2DBackgroundBlockAtlas.TGA'. Failed to create asset '/Game/Textures/2DBackgroundBlockAtlas'.
Please see Output Log for details.
[2019.03.01-21.59.58:603][167]LogFactory: Error: Can't find file '2DBackground.TGA' for import
[2019.03.01-21.59.59:040][167]LogSlate: Window 'Message' being destroyed
[2019.03.01-21.59.59:046][167]LogAssetTools: Warning: Failed to import '2DBackground.TGA'. Failed to create asset '/Game/Textures/2DBackground'.
Please see Output Log for details.
[2019.03.01-22.01.10:023][680]LogFactory: FactoryCreateFile: Texture with ReimportTextureFactory (0 0 C:\Users\Alexandre\Desktop\Paper2DTextures\2DBackground.TGA)
[2019.03.01-22.01.10:111][680]LogTexture: Display: Building textures: 2DBackground (AutoDXT, 512X512)
[2019.03.01-22.01.10:238][680]LogFactory: FactoryCreateFile: Texture with ReimportTextureFactory (0 0 C:\Users\Alexandre\Desktop\Paper2DTextures\2DBackgroundBlockAtlas.TGA)
[2019.03.01-22.01.10:289][680]LogTexture: Display: Building textures: 2DBackgroundBlockAtlas (AutoDXT, 1024X1024)
[2019.03.01-22.01.10:450][680]LogFactory: FactoryCreateFile: Texture with ReimportTextureFactory (0 0 C:\Users\Alexandre\Desktop\Paper2DTextures\2DBackgroundTile.TGA)
[2019.03.01-22.01.10:466][680]LogTexture: Display: Building textures: 2DBackgroundTile (AutoDXT, 256X256)
[2019.03.01-22.01.10:488][680]LogFactory: FactoryCreateFile: Texture with ReimportTextureFactory (0 0 C:\Users\Alexandre\Desktop\Paper2DTextures\2DCharacter_IdleAnimAtlas.TGA)
[2019.03.01-22.01.10:494][680]LogTexture: Display: Building textures: 2DCharacter_IdleAnimAtlas (AutoDXT, 1024X1024)
[2019.03.01-22.01.10:738][680]LogFactory: FactoryCreateFile: Texture with ReimportTextureFactory (0 0 C:\Users\Alexandre\Desktop\Paper2DTextures\2DCharacter_RunAnimAtlas.TGA)
[2019.03.01-22.01.10:744][680]LogTexture: Display: Building textures: 2DCharacter_RunAnimAtlas (AutoDXT, 1024X1024)
[2019.03.01-22.01.11:076][680]LogFactory: FactoryCreateFile: Texture with ReimportTextureFactory (0 0 C:\Users\Alexandre\Desktop\Paper2DTextures\CharacterJumping.png)
[2019.03.01-22.01.11:105][680]LogTexture: Display: Building textures: CharacterJumping (AutoDXT, 256X256)
[2019.03.01-22.01.11:131][680]LogFactory: FactoryCreateFile: Texture with ReimportTextureFactory (0 0 C:\Users\Alexandre\Desktop\Paper2DTextures\PrototypeTexture.png)
[2019.03.01-22.01.11:134][680]LogTexture: Display: Building textures: PrototypeTexture (AutoDXT, 256X256)
[2019.03.01-22.01.19:935][197]LogAssetEditorManager: Opening Asset editor for Texture2D /Game/Textures/2DBackground.2DBackground
[2019.03.01-22.01.20:046][197]LogContentBrowser: Native class hierarchy updated for 'TextureEditor' in 0.0003 seconds. Added 1 classes and 2 folders.
[2019.03.01-22.01.22:963][349]LogSlate: Window '2DBackground*' being destroyed
[2019.03.01-22.01.22:968][349]LogSlate: Window '2DBackground*' being destroyed
[2019.03.01-22.01.24:036][404]Cmd: OBJ SAVEPACKAGE PACKAGE="/Game/KSOS-Level" FILE="../../../../../../Users/Alexandre/Documents/Unreal Projects/KSOS/Content/KSOS-Level.umap" SILENT=true AUTOSAVING=false KEEPDIRTY=false
[2019.03.01-22.01.24:118][404]LogSavePackage: Moving '../../../../../../Users/Alexandre/Documents/Unreal Projects/KSOS/Saved/KSOS-LevelB43023B0415E393B0F23F0A0A07A59C9.tmp' to '../../../../../../Users/Alexandre/Documents/Unreal Projects/KSOS/Content/KSOS-Level.umap'
[2019.03.01-22.01.26:511][543]Cmd: OBJ SAVEPACKAGE PACKAGE="/Game/Textures/PrototypeTexture" FILE="../../../../../../Users/Alexandre/Documents/Unreal Projects/KSOS/Content/Textures/PrototypeTexture.uasset" SILENT=true
[2019.03.01-22.01.26:530][543]LogSavePackage: Moving '../../../../../../Users/Alexandre/Documents/Unreal Projects/KSOS/Saved/PrototypeTexture97CEEE3C46F3313BDEAEC580C8C39A09.tmp' to '../../../../../../Users/Alexandre/Documents/Unreal Projects/KSOS/Content/Textures/PrototypeTexture.uasset'
[2019.03.01-22.01.26:560][543]Cmd: OBJ SAVEPACKAGE PACKAGE="/Game/Textures/CharacterJumping" FILE="../../../../../../Users/Alexandre/Documents/Unreal Projects/KSOS/Content/Textures/CharacterJumping.uasset" SILENT=true
[2019.03.01-22.01.26:570][543]LogSavePackage: Moving '../../../../../../Users/Alexandre/Documents/Unreal Projects/KSOS/Saved/CharacterJumpingB9EBF8F745C8B02631AEBDB264BE0A7C.tmp' to '../../../../../../Users/Alexandre/Documents/Unreal Projects/KSOS/Content/Textures/CharacterJumping.uasset'
[2019.03.01-22.01.26:584][543]Cmd: OBJ SAVEPACKAGE PACKAGE="/Game/Textures/2DCharacter_RunAnimAtlas" FILE="../../../../../../Users/Alexandre/Documents/Unreal Projects/KSOS/Content/Textures/2DCharacter_RunAnimAtlas.uasset" SILENT=true
[2019.03.01-22.01.26:661][543]LogSavePackage: Moving '../../../../../../Users/Alexandre/Documents/Unreal Projects/KSOS/Saved/2DCharacter_RunAnimAtlas8C41A3EF46E2359B3FDBAF96B430293A.tmp' to '../../../../../../Users/Alexandre/Documents/Unreal Projects/KSOS/Content/Textures/2DCharacter_RunAnimAtlas.uasset'
[2019.03.01-22.01.26:736][543]LogSavePackage: Moving '../../../../../../Users/Alexandre/Documents/Unreal Projects/KSOS/Saved/2DCharacter_IdleAnimAtlas53A25D454B69B336DD37E0BE9DE1BA76.tmp' to '../../../../../../Users/Alexandre/Documents/Unreal Projects/KSOS/Content/Textures/2DCharacter_IdleAnimAtlas.uasset'
[2019.03.01-22.01.26:750][543]Cmd: OBJ SAVEPACKAGE PACKAGE="/Game/Textures/2DBackgroundTile" FILE="../../../../../../Users/Alexandre/Documents/Unreal Projects/KSOS/Content/Textures/2DBackgroundTile.uasset" SILENT=true
[2019.03.01-22.01.26:758][543]LogSavePackage: Moving '../../../../../../Users/Alexandre/Documents/Unreal Projects/KSOS/Saved/2DBackgroundTileEB79B3E6456C10B80DA821981AA04526.tmp' to '../../../../../../Users/Alexandre/Documents/Unreal Projects/KSOS/Content/Textures/2DBackgroundTile.uasset'
[2019.03.01-22.01.26:773][543]Cmd: OBJ SAVEPACKAGE PACKAGE="/Game/Textures/2DBackgroundBlockAtlas" FILE="../../../../../../Users/Alexandre/Documents/Unreal Projects/KSOS/Content/Textures/2DBackgroundBlockAtlas.uasset" SILENT=true
[2019.03.01-22.01.26:820][543]LogSavePackage: Moving '../../../../../../Users/Alexandre/Documents/Unreal Projects/KSOS/Saved/2DBackgroundBlockAtlas8CA857ED43F56D508FC12B8AA388DF90.tmp' to '../../../../../../Users/Alexandre/Documents/Unreal Projects/KSOS/Content/Textures/2DBackgroundBlockAtlas.uasset'
[2019.03.01-22.01.26:834][543]Cmd: OBJ SAVEPACKAGE PACKAGE="/Game/Textures/2DBackground" FILE="../../../../../../Users/Alexandre/Documents/Unreal Projects/KSOS/Content/Textures/2DBackground.uasset" SILENT=true
[2019.03.01-22.01.26:864][543]LogSavePackage: Moving '../../../../../../Users/Alexandre/Documents/Unreal Projects/KSOS/Saved/2DBackground5AB6A2104E9634291420BFA59730C6F0.tmp' to '../../../../../../Users/Alexandre/Documents/Unreal Projects/KSOS/Content/Textures/2DBackground.uasset'
[2019.03.01-22.01.30:282][740]LogAssetEditorManager: Opening Asset editor for Texture2D /Game/Textures/2DBackground.2DBackground
[2019.03.01-22.01.34:351][979]LogSlate: Window '2DBackground' being destroyed
[2019.03.01-22.01.34:355][979]LogSlate: Window '2DBackground' being destroyed
[2019.03.01-22.04.44:989][881]LogSlate: Window 'Delete Assets' being destroyed
[2019.03.01-22.04.47:511][934]LogSlate: Window 'Delete Assets' being destroyed
[2019.03.01-22.04.59:113][613]LogSlate: Window 'KSOS - Unreal Editor' being destroyed
[2019.03.01-22.04.59:114][613]LogWindowsTextInputMethodSystem: Display: IME system now deactivated.
[2019.03.01-22.04.59:354][614]Cmd: QUIT_EDITOR
[2019.03.01-22.04.59:389][614]LogExit: Preparing to exit.
[2019.03.01-22.04.59:460][614]LogExit: Editor shut down
[2019.03.01-22.04.59:460][614]LogExit: Transaction tracking system shut down
[2019.03.01-22.04.59:769][614]LogExit: Object subsystem successfully closed.
[2019.03.01-22.04.59:785][614]LogShaderCompilers: Display: Shaders left to compile 0
[2019.03.01-22.04.59:788][614]LogD3D11RHI: Shutdown
[2019.03.01-22.04.59:788][614]LogD3D11RHI: CleanupD3DDevice
[2019.03.01-22.04.59:790][614]LogD3D11RHI: ~FD3D11DynamicRHI
[2019.03.01-22.04.59:829][614]LogModuleManager: Shutting down and abandoning module TextureEditor (628)
[2019.03.01-22.04.59:829][614]LogModuleManager: Shutting down and abandoning module NewLevelDialog (626)
[2019.03.01-22.04.59:829][614]LogModuleManager: Shutting down and abandoning module HierarchicalLODOutliner (624)
[2019.03.01-22.04.59:829][614]LogModuleManager: Shutting down and abandoning module SceneOutliner (622)
[2019.03.01-22.04.59:829][614]LogModuleManager: Shutting down and abandoning module AddContentDialog (620)
[2019.03.01-22.04.59:829][614]LogModuleManager: Shutting down and abandoning module WidgetCarousel (619)
[2019.03.01-22.04.59:829][614]LogModuleManager: Shutting down and abandoning module EditorWidgets (616)
[2019.03.01-22.04.59:829][614]LogModuleManager: Shutting down and abandoning module CollectionManager (614)
[2019.03.01-22.04.59:829][614]LogModuleManager: Shutting down and abandoning module HierarchicalLODUtilities (612)
[2019.03.01-22.04.59:829][614]LogModuleManager: Shutting down and abandoning module StatsViewer (610)
[2019.03.01-22.04.59:829][614]LogModuleManager: Shutting down and abandoning module FoliageEdit (608)
[2019.03.01-22.04.59:829][614]LogModuleManager: Shutting down and abandoning module LandscapeEditor (606)
[2019.03.01-22.04.59:830][614]LogModuleManager: Shutting down and abandoning module MeshPaintMode (604)
[2019.03.01-22.04.59:830][614]LogModuleManager: Shutting down and abandoning module SceneDepthPickerMode (602)
[2019.03.01-22.04.59:830][614]LogModuleManager: Shutting down and abandoning module ActorPickerMode (600)
[2019.03.01-22.04.59:830][614]LogModuleManager: Shutting down and abandoning module GeometryMode (598)
[2019.03.01-22.04.59:830][614]LogModuleManager: Shutting down and abandoning module TextureAlignMode (596)
[2019.03.01-22.04.59:830][614]LogModuleManager: Shutting down and abandoning module BspMode (594)
[2019.03.01-22.04.59:830][614]LogModuleManager: Shutting down and abandoning module PIEPreviewDeviceProfileSelector (592)
[2019.03.01-22.04.59:830][614]LogModuleManager: Shutting down and abandoning module SequenceRecorderSections (590)
[2019.03.01-22.04.59:830][614]LogModuleManager: Shutting down and abandoning module AutomationWorker (588)
[2019.03.01-22.04.59:830][614]LogModuleManager: Shutting down and abandoning module AudioCaptureEditor (586)
[2019.03.01-22.04.59:830][614]LogModuleManager: Shutting down and abandoning module MatineeToLevelSequence (584)
[2019.03.01-22.04.59:830][614]LogModuleManager: Shutting down and abandoning module LevelSequenceEditor (582)
[2019.03.01-22.04.59:830][614]LogModuleManager: Shutting down and abandoning module PlacementMode (581)
[2019.03.01-22.04.59:830][614]LogModuleManager: Shutting down and abandoning module MaterialEditor (580)
[2019.03.01-22.04.59:830][614]LogModuleManager: Shutting down and abandoning module WmfMediaFactory (576)
[2019.03.01-22.04.59:830][614]LogModuleManager: Shutting down and abandoning module WmfMediaEditor (574)
[2019.03.01-22.04.59:830][614]LogModuleManager: Shutting down and abandoning module WebMMediaFactory (572)
[2019.03.01-22.04.59:830][614]LogModuleManager: Shutting down and abandoning module WebMMediaEditor (570)
[2019.03.01-22.04.59:830][614]LogModuleManager: Shutting down and abandoning module WebMMedia (568)
[2019.03.01-22.04.59:830][614]LogModuleManager: Shutting down and abandoning module MediaPlayerEditor (566)
[2019.03.01-22.04.59:830][614]LogModuleManager: Shutting down and abandoning module MediaCompositingEditor (564)
[2019.03.01-22.04.59:830][614]LogModuleManager: Shutting down and abandoning module SequenceRecorder (563)
[2019.03.01-22.04.59:830][614]LogModuleManager: Shutting down and abandoning module OpenExrWrapper (560)
[2019.03.01-22.04.59:830][614]LogModuleManager: Shutting down and abandoning module ImgMediaFactory (558)
[2019.03.01-22.04.59:830][614]LogModuleManager: Shutting down and abandoning module ImgMediaEditor (556)
[2019.03.01-22.04.59:830][614]LogModuleManager: Shutting down and abandoning module AvfMediaFactory (554)
[2019.03.01-22.04.59:830][614]LogModuleManager: Shutting down and abandoning module AvfMediaEditor (552)
[2019.03.01-22.04.59:830][614]LogModuleManager: Shutting down and abandoning module AndroidMediaFactory (550)
[2019.03.01-22.04.59:830][614]LogModuleManager: Shutting down and abandoning module AndroidMediaEditor (548)
[2019.03.01-22.04.59:830][614]LogModuleManager: Shutting down and abandoning module MagicLeapCameraPreviewFactory (546)
[2019.03.01-22.04.59:830][614]LogModuleManager: Shutting down and abandoning module MagicLeapMediaFactory (544)
[2019.03.01-22.04.59:830][614]LogModuleManager: Shutting down and abandoning module MagicLeapMediaEditor (542)
[2019.03.01-22.04.59:830][614]LogModuleManager: Shutting down and abandoning module CharacterAI (540)
[2019.03.01-22.04.59:830][614]LogModuleManager: Shutting down and abandoning module SmartSnapping (538)
[2019.03.01-22.04.59:830][614]LogModuleManager: Shutting down and abandoning module SessionServices (536)
[2019.03.01-22.04.59:830][614]LogModuleManager: Shutting down and abandoning module ViewportSnapping (534)
[2019.03.01-22.04.59:830][614]LogModuleManager: Shutting down and abandoning module ViewportInteraction (532)
[2019.03.01-22.04.59:830][614]LogModuleManager: Shutting down and abandoning module ClothPainter (530)
[2019.03.01-22.04.59:830][614]LogModuleManager: Shutting down and abandoning module SkeletalMeshEditor (529)
[2019.03.01-22.04.59:830][614]LogModuleManager: Shutting down and abandoning module LogVisualizer (526)
[2019.03.01-22.04.59:831][614]LogModuleManager: Shutting down and abandoning module IntroTutorials (524)
[2019.03.01-22.04.59:831][614]LogModuleManager: Shutting down and abandoning module GameProjectGeneration (523)
[2019.03.01-22.04.59:831][614]LogModuleManager: Shutting down and abandoning module LuminPlatformEditor (520)
[2019.03.01-22.04.59:831][614]LogModuleManager: Shutting down and abandoning module IOSPlatformEditor (518)
[2019.03.01-22.04.59:831][614]LogModuleManager: Shutting down and abandoning module HTML5PlatformEditor (516)
[2019.03.01-22.04.59:831][614]LogModuleManager: Shutting down and abandoning module AndroidPlatformEditor (514)
[2019.03.01-22.04.59:831][614]LogModuleManager: Shutting down and abandoning module AndroidDeviceDetection (513)
[2019.03.01-22.05.00:138][614]LogModuleManager: Shutting down and abandoning module WindowsPlatformEditor (510)
[2019.03.01-22.05.00:138][614]LogModuleManager: Shutting down and abandoning module LuminRuntimeSettings (508)
[2019.03.01-22.05.00:138][614]LogModuleManager: Shutting down and abandoning module IOSRuntimeSettings (506)
[2019.03.01-22.05.00:138][614]LogModuleManager: Shutting down and abandoning module AndroidRuntimeSettings (504)
[2019.03.01-22.05.00:138][614]LogModuleManager: Shutting down and abandoning module TimeManagementEditor (502)
[2019.03.01-22.05.00:138][614]LogModuleManager: Shutting down and abandoning module InputBindingEditor (500)
[2019.03.01-22.05.00:138][614]LogModuleManager: Shutting down and abandoning module MergeActors (498)
[2019.03.01-22.05.00:138][614]LogModuleManager: Shutting down and abandoning module LocalizationDashboard (496)
[2019.03.01-22.05.00:138][614]LogModuleManager: Shutting down and abandoning module LocalizationService (495)
[2019.03.01-22.05.00:138][614]LogModuleManager: Shutting down and abandoning module HardwareTargeting (492)
[2019.03.01-22.05.00:138][614]LogModuleManager: Shutting down and abandoning module DeviceProfileEditor (490)
[2019.03.01-22.05.00:138][614]LogModuleManager: Shutting down and abandoning module UndoHistory (488)
[2019.03.01-22.05.00:139][614]LogModuleManager: Shutting down and abandoning module XmlParser (486)
[2019.03.01-22.05.00:139][614]LogModuleManager: Shutting down and abandoning module Blutility (484)
[2019.03.01-22.05.00:139][614]LogModuleManager: Shutting down and abandoning module ProjectSettingsViewer (482)
[2019.03.01-22.05.00:139][614]LogModuleManager: Shutting down and abandoning module ProjectTargetPlatformEditor (481)
[2019.03.01-22.05.00:139][614]LogModuleManager: Shutting down and abandoning module EditorSettingsViewer (478)
[2019.03.01-22.05.00:139][614]LogModuleManager: Shutting down and abandoning module SettingsEditor (476)
[2019.03.01-22.05.00:139][614]LogModuleManager: Shutting down and abandoning module ProjectLauncher (474)
[2019.03.01-22.05.00:139][614]LogModuleManager: Shutting down and abandoning module SessionFrontend (472)
[2019.03.01-22.05.00:139][614]LogModuleManager: Shutting down and abandoning module ProfilerClient (470)
[2019.03.01-22.05.00:139][614]LogModuleManager: Shutting down and abandoning module DeviceManager (468)
[2019.03.01-22.05.00:139][614]LogModuleManager: Shutting down and abandoning module TargetDeviceServices (467)
[2019.03.01-22.05.00:205][614]LogModuleManager: Shutting down and abandoning module AutomationController (464)
[2019.03.01-22.05.00:205][614]LogModuleManager: Shutting down and abandoning module AutomationWindow (462)
[2019.03.01-22.05.00:205][614]LogModuleManager: Shutting down and abandoning module Layers (460)
[2019.03.01-22.05.00:205][614]LogModuleManager: Shutting down and abandoning module ComponentVisualizers (458)
[2019.03.01-22.05.00:205][614]LogModuleManager: Shutting down and abandoning module DetailCustomizations (456)
[2019.03.01-22.05.00:205][614]LogModuleManager: Shutting down and abandoning module PackagesDialog (454)
[2019.03.01-22.05.00:205][614]LogModuleManager: Shutting down and abandoning module Persona (452)
[2019.03.01-22.05.00:205][614]LogModuleManager: Shutting down and abandoning module AdvancedPreviewScene (451)
[2019.03.01-22.05.00:205][614]LogModuleManager: Shutting down and abandoning module AnimGraph (449)
[2019.03.01-22.05.00:205][614]LogModuleManager: Shutting down and abandoning module Kismet (446)
[2019.03.01-22.05.00:205][614]LogModuleManager: Shutting down and abandoning module GraphEditor (444)
[2019.03.01-22.05.00:205][614]LogModuleManager: Shutting down and abandoning module ClassViewer (442)
[2019.03.01-22.05.00:205][614]LogModuleManager: Shutting down and abandoning module Toolbox (440)
[2019.03.01-22.05.00:205][614]LogModuleManager: Shutting down and abandoning module ModuleUI (438)
[2019.03.01-22.05.00:205][614]LogModuleManager: Shutting down and abandoning module MovieSceneTools (436)
[2019.03.01-22.05.00:205][614]LogModuleManager: Shutting down and abandoning module OutputLog (434)
[2019.03.01-22.05.00:206][614]LogModuleManager: Shutting down and abandoning module GammaUI (432)
[2019.03.01-22.05.00:206][614]LogModuleManager: Shutting down and abandoning module Documentation (430)
[2019.03.01-22.05.00:206][614]LogModuleManager: Shutting down and abandoning module MovieSceneTracks (428)
[2019.03.01-22.05.00:206][614]LogModuleManager: Shutting down and abandoning module MovieScene (426)
[2019.03.01-22.05.00:206][614]LogModuleManager: Shutting down and abandoning module StreamingPauseRendering (424)
[2019.03.01-22.05.00:206][614]LogModuleManager: Shutting down and abandoning module LauncherPlatform (422)
[2019.03.01-22.05.00:206][614]LogModuleManager: Shutting down and abandoning module AnalyticsET (420)
[2019.03.01-22.05.00:206][614]LogModuleManager: Shutting down and abandoning module PortalServices (418)
[2019.03.01-22.05.00:206][614]LogModuleManager: Shutting down and abandoning module PortalRpc (416)
[2019.03.01-22.05.00:206][614]LogModuleManager: Shutting down and abandoning module MessagingRpc (414)
[2019.03.01-22.05.00:206][614]LogModuleManager: Shutting down and abandoning module AIModule (412)
[2019.03.01-22.05.00:206][614]LogModuleManager: Shutting down and abandoning module GameplayDebugger (411)
[2019.03.01-22.05.00:206][614]LogModuleManager: Shutting down and abandoning module AITestSuite (409)
[2019.03.01-22.05.00:206][614]LogModuleManager: Shutting down and abandoning module NavigationSystem (407)
[2019.03.01-22.05.00:206][614]LogModuleManager: Shutting down and abandoning module DesktopPlatform (404)
[2019.03.01-22.05.00:206][614]LogModuleManager: Shutting down and abandoning module ImageWriteQueue (402)
[2019.03.01-22.05.00:210][614]LogModuleManager: Shutting down and abandoning module ProfilerService (400)
[2019.03.01-22.05.00:223][614]LogModuleManager: Shutting down and abandoning module TaskGraph (398)
[2019.03.01-22.05.00:223][614]LogModuleManager: Shutting down and abandoning module SteamVRController (396)
[2019.03.01-22.05.00:223][614]LogModuleManager: Shutting down and abandoning module ProceduralMeshComponentEditor (394)
[2019.03.01-22.05.00:223][614]LogModuleManager: Shutting down and abandoning module ProceduralMeshComponent (392)
[2019.03.01-22.05.00:223][614]LogModuleManager: Shutting down and abandoning module OculusInput (390)
[2019.03.01-22.05.00:223][614]LogModuleManager: Shutting down and abandoning module MobilePatchingUtils (388)
[2019.03.01-22.05.00:223][614]LogModuleManager: Shutting down and abandoning module EditableMesh (386)
[2019.03.01-22.05.00:223][614]LogModuleManager: Shutting down and abandoning module CustomMeshComponent (384)
[2019.03.01-22.05.00:223][614]LogModuleManager: Shutting down and abandoning module CableComponent (382)
[2019.03.01-22.05.00:223][614]LogModuleManager: Shutting down and abandoning module AudioCapture (380)
[2019.03.01-22.05.00:223][614]LogModuleManager: Shutting down and abandoning module ArchVisCharacter (378)
[2019.03.01-22.05.00:223][614]LogModuleManager: Shutting down and abandoning module AndroidPermission (376)
[2019.03.01-22.05.00:223][614]LogModuleManager: Shutting down and abandoning module NUTUnrealEngine4 (374)
[2019.03.01-22.05.00:223][614]LogModuleManager: Shutting down and abandoning module NetcodeUnitTest (372)
[2019.03.01-22.05.00:224][614]LogModuleManager: Shutting down and abandoning module MediaCompositing (370)
[2019.03.01-22.05.00:224][614]LogModuleManager: Shutting down and abandoning module LinearTimecode (368)
[2019.03.01-22.05.00:224][614]LogModuleManager: Shutting down and abandoning module ImgMedia (366)
[2019.03.01-22.05.00:228][614]LogModuleManager: Shutting down and abandoning module HTML5Networking (364)
[2019.03.01-22.05.00:229][614]LogModuleManager: Shutting down and abandoning module GeometryCacheTracks (362)
[2019.03.01-22.05.00:229][614]LogModuleManager: Shutting down and abandoning module GeometryCacheSequencer (360)
[2019.03.01-22.05.00:229][614]LogModuleManager: Shutting down and abandoning module BackChannel (358)
[2019.03.01-22.05.00:229][614]LogModuleManager: Shutting down and abandoning module AppleVision (356)
[2019.03.01-22.05.00:229][614]LogModuleManager: Shutting down and abandoning module AppleImageUtilsBlueprintSupport (354)
[2019.03.01-22.05.00:229][614]LogModuleManager: Shutting down and abandoning module AppleImageUtils (352)
[2019.03.01-22.05.00:229][614]LogModuleManager: Shutting down and abandoning module AlembicImporter (350)
[2019.03.01-22.05.00:229][614]LogModuleManager: Shutting down and abandoning module AlembicLibrary (349)
[2019.03.01-22.05.00:229][614]LogModuleManager: Shutting down and abandoning module GeometryCache (348)
[2019.03.01-22.05.00:229][614]LogModuleManager: Shutting down and abandoning module GeometryCacheEd (347)
[2019.03.01-22.05.00:229][614]LogModuleManager: Shutting down and abandoning module VariantManagerContent (342)
[2019.03.01-22.05.00:229][614]LogModuleManager: Shutting down and abandoning module DatasmithContentEditor (340)
[2019.03.01-22.05.00:229][614]LogModuleManager: Shutting down and abandoning module SpeedTreeImporter (338)
[2019.03.01-22.05.00:229][614]LogModuleManager: Shutting down and abandoning module PluginBrowser (336)
[2019.03.01-22.05.00:229][614]LogModuleManager: Shutting down and abandoning module MobileLauncherProfileWizard (334)
[2019.03.01-22.05.00:229][614]LogModuleManager: Shutting down and abandoning module PolygonModeling (332)
[2019.03.01-22.05.00:229][614]LogModuleManager: Shutting down and abandoning module MeshEditor (330)
[2019.03.01-22.05.00:229][614]LogModuleManager: Shutting down and abandoning module CryptoKeysOpenSSL (328)
[2019.03.01-22.05.00:229][614]LogModuleManager: Shutting down and abandoning module CryptoKeys (326)
[2019.03.01-22.05.00:229][614]LogModuleManager: Shutting down and abandoning module VisualStudioSourceCodeAccess (324)
[2019.03.01-22.05.00:229][614]LogModuleManager: Shutting down and abandoning module VisualStudioCodeSourceCodeAccess (322)
[2019.03.01-22.05.00:229][614]LogModuleManager: Shutting down and abandoning module UObjectPlugin (320)
[2019.03.01-22.05.00:229][614]LogModuleManager: Shutting down and abandoning module SubversionSourceControl (318)
[2019.03.01-22.05.00:229][614]LogModuleManager: Shutting down and abandoning module PerforceSourceControl (316)
[2019.03.01-22.05.00:229][614]LogModuleManager: Shutting down and abandoning module GitSourceControl (314)
[2019.03.01-22.05.00:229][614]LogModuleManager: Shutting down and abandoning module SourceControl (313)
[2019.03.01-22.05.00:229][614]LogModuleManager: Shutting down and abandoning module CLionSourceCodeAccess (310)
[2019.03.01-22.05.00:229][614]LogModuleManager: Shutting down and abandoning module ActorLayerUtilitiesEditor (308)
[2019.03.01-22.05.00:229][614]LogModuleManager: Shutting down and abandoning module ActorLayerUtilities (306)
[2019.03.01-22.05.00:229][614]LogModuleManager: Shutting down and abandoning module LightPropagationVolumeEditor (304)
[2019.03.01-22.05.00:229][614]LogModuleManager: Shutting down and abandoning module PaperTiledImporter (302)
[2019.03.01-22.05.00:229][614]LogModuleManager: Shutting down and abandoning module PaperSpriteSheetImporter (300)
[2019.03.01-22.05.00:229][614]LogModuleManager: Shutting down and abandoning module Paper2DEditor (298)
[2019.03.01-22.05.00:230][614]LogModuleManager: Shutting down and abandoning module MeshPaint (297)
[2019.03.01-22.05.00:230][614]LogModuleManager: Shutting down and abandoning module RuntimePhysXCooking (294)
[2019.03.01-22.05.00:230][614]LogModuleManager: Shutting down and abandoning module PhysXVehiclesEditor (292)
[2019.03.01-22.05.00:230][614]LogModuleManager: Shutting down and abandoning module PhysXVehicles (290)
[2019.03.01-22.05.00:230][614]LogModuleManager: Shutting down and abandoning module OculusEditor (288)
[2019.03.01-22.05.00:230][614]LogModuleManager: Shutting down and abandoning module LocationServicesBPLibrary (286)
[2019.03.01-22.05.00:230][614]LogModuleManager: Shutting down and abandoning module ActorSequence (284)
[2019.03.01-22.05.00:230][614]LogModuleManager: Shutting down and abandoning module UdpMessaging (282)
[2019.03.01-22.05.00:331][614]LogModuleManager: Shutting down and abandoning module TcpMessaging (280)
[2019.03.01-22.05.00:432][614]LogModuleManager: Shutting down and abandoning module MagicLeapAudio (278)
[2019.03.01-22.05.00:432][614]LogModuleManager: Shutting down and abandoning module GameplayTagsEditor (276)
[2019.03.01-22.05.00:432][614]LogModuleManager: Shutting down and abandoning module FacialAnimationEditor (274)
[2019.03.01-22.05.00:432][614]LogModuleManager: Shutting down and abandoning module FacialAnimation (272)
[2019.03.01-22.05.00:432][614]LogModuleManager: Shutting down and abandoning module DataValidation (270)
[2019.03.01-22.05.00:432][614]LogModuleManager: Shutting down and abandoning module AssetManagerEditor (268)
[2019.03.01-22.05.00:432][614]LogModuleManager: Shutting down and abandoning module LevelEditor (267)
[2019.03.01-22.05.00:432][614]LogModuleManager: Shutting down and abandoning module PixelInspectorModule (266)
[2019.03.01-22.05.00:432][614]LogModuleManager: Shutting down and abandoning module CommonMenuExtensions (264)
[2019.03.01-22.05.00:432][614]LogModuleManager: Shutting down and abandoning module MainFrame (262)
[2019.03.01-22.05.00:433][614]LogModuleManager: Shutting down and abandoning module HotReload (261)
[2019.03.01-22.05.00:433][614]LogModuleManager: Shutting down and abandoning module ContentBrowser (257)
[2019.03.01-22.05.00:434][614]LogModuleManager: Shutting down and abandoning module TreeMap (255)
[2019.03.01-22.05.00:434][614]LogModuleManager: Shutting down and abandoning module LightPropagationVolumeRuntime (252)
[2019.03.01-22.05.00:434][614]LogModuleManager: Shutting down and abandoning module AISupportModule (250)
[2019.03.01-22.05.00:434][614]LogModuleManager: Shutting down and abandoning module Paper2D (248)
[2019.03.01-22.05.00:434][614]LogModuleManager: Shutting down and abandoning module WindowsMoviePlayer (246)
[2019.03.01-22.05.00:434][614]LogModuleManager: Shutting down and abandoning module WebMMoviePlayer (244)
[2019.03.01-22.05.00:434][614]LogModuleManager: Shutting down and abandoning module WmfMedia (242)
[2019.03.01-22.05.00:436][614]LogModuleManager: Shutting down and abandoning module Media (241)
[2019.03.01-22.05.00:442][614]LogModuleManager: Shutting down and abandoning module PacketHandler (238)
[2019.03.01-22.05.00:442][614]LogModuleManager: Shutting down and abandoning module ClothingSystemEditor (236)
[2019.03.01-22.05.00:442][614]LogModuleManager: Shutting down and abandoning module ClothingSystemRuntime (234)
[2019.03.01-22.05.00:442][614]LogModuleManager: Shutting down and abandoning module MediaAssets (232)
[2019.03.01-22.05.00:442][614]LogModuleManager: Shutting down and abandoning module Overlay (230)
[2019.03.01-22.05.00:442][614]LogModuleManager: Shutting down and abandoning module OverlayEditor (229)
[2019.03.01-22.05.00:443][614]LogModuleManager: Shutting down and abandoning module VREditor (226)
[2019.03.01-22.05.00:443][614]LogModuleManager: Shutting down and abandoning module StringTableEditor (224)
[2019.03.01-22.05.00:443][614]LogModuleManager: Shutting down and abandoning module GameplayTasksEditor (222)
[2019.03.01-22.05.00:443][614]LogModuleManager: Shutting down and abandoning module BehaviorTreeEditor (220)
[2019.03.01-22.05.00:443][614]LogModuleManager: Shutting down and abandoning module FunctionalTesting (218)
[2019.03.01-22.05.00:443][614]LogModuleManager: Shutting down and abandoning module CollisionAnalyzer (216)
[2019.03.01-22.05.00:443][614]LogModuleManager: Shutting down and abandoning module WorkspaceMenuStructure (215)
[2019.03.01-22.05.00:443][614]LogModuleManager: Shutting down and abandoning module UMG (212)
[2019.03.01-22.05.00:443][614]LogModuleManager: Shutting down and abandoning module UMGEditor (211)
[2019.03.01-22.05.00:443][614]LogModuleManager: Shutting down and abandoning module Sequencer (210)
[2019.03.01-22.05.00:443][614]LogModuleManager: Shutting down and abandoning module MessageLog (207)
[2019.03.01-22.05.00:443][614]LogModuleManager: Shutting down and abandoning module SlateReflector (202)
[2019.03.01-22.05.00:443][614]LogModuleManager: Shutting down and abandoning module Slate (200)
[2019.03.01-22.05.00:443][614]LogModuleManager: Shutting down and abandoning module EditorStyle (198)
[2019.03.01-22.05.00:445][614]LogModuleManager: Shutting down and abandoning module MRMesh (196)
[2019.03.01-22.05.00:445][614]LogModuleManager: Shutting down and abandoning module SourceCodeAccess (194)
[2019.03.01-22.05.00:445][614]LogModuleManager: Shutting down and abandoning module HeadMountedDisplay (192)
[2019.03.01-22.05.00:445][614]LogModuleManager: Shutting down and abandoning module XAudio2 (190)
[2019.03.01-22.05.00:445][614]LogModuleManager: Shutting down and abandoning module Networking (188)
[2019.03.01-22.05.00:445][614]LogModuleManager: Shutting down and abandoning module Core (186)
[2019.03.01-22.05.00:445][614]LogModuleManager: Shutting down and abandoning module LevelSequence (184)
[2019.03.01-22.05.00:445][614]LogModuleManager: Shutting down and abandoning module KismetCompiler (182)
[2019.03.01-22.05.00:445][614]LogModuleManager: Shutting down and abandoning module MeshUtilities (180)
[2019.03.01-22.05.00:445][614]LogModuleManager: Shutting down and abandoning module MeshMergeUtilities (179)
[2019.03.01-22.05.00:445][614]LogModuleManager: Shutting down and abandoning module MeshReductionInterface (178)
[2019.03.01-22.05.00:445][614]LogModuleManager: Shutting down and abandoning module SimplygonSwarm (177)
[2019.03.01-22.05.00:445][614]LogModuleManager: Shutting down and abandoning module ProxyLODMeshReduction (175)
[2019.03.01-22.05.00:445][614]LogModuleManager: Shutting down and abandoning module SimplygonMeshReduction (173)
[2019.03.01-22.05.00:445][614]LogModuleManager: Shutting down and abandoning module QuadricMeshReduction (171)
[2019.03.01-22.05.00:445][614]LogModuleManager: Shutting down and abandoning module MaterialBaking (167)
[2019.03.01-22.05.00:445][614]LogModuleManager: Shutting down and abandoning module DirectoryWatcher (163)
[2019.03.01-22.05.00:445][614]LogModuleManager: Shutting down and abandoning module DerivedDataCache (160)
[2019.03.01-22.05.00:459][614]LogDerivedDataCache: Shutdown
[2019.03.01-22.05.00:459][614]LogModuleManager: Shutting down and abandoning module XGEController (158)
[2019.03.01-22.05.00:459][614]LogModuleManager: Shutting down and abandoning module TargetPlatform (156)
[2019.03.01-22.05.00:459][614]LogModuleManager: Shutting down and abandoning module VulkanShaderFormat (155)
[2019.03.01-22.05.00:459][614]LogModuleManager: Shutting down and abandoning module ShaderFormatVectorVM (153)
[2019.03.01-22.05.00:459][614]LogModuleManager: Shutting down and abandoning module ShaderFormatOpenGL (151)
[2019.03.01-22.05.00:459][614]LogModuleManager: Shutting down and abandoning module ShaderFormatD3D (149)
[2019.03.01-22.05.00:459][614]LogModuleManager: Shutting down and abandoning module MetalShaderFormat (147)
[2019.03.01-22.05.00:459][614]LogModuleManager: Shutting down and abandoning module TextureFormatUncompressed (145)
[2019.03.01-22.05.00:459][614]LogModuleManager: Shutting down and abandoning module TextureFormatPVR (143)
[2019.03.01-22.05.00:459][614]LogModuleManager: Shutting down and abandoning module TextureFormatDXT (141)
[2019.03.01-22.05.00:459][614]LogModuleManager: Shutting down and abandoning module TextureFormatIntelISPCTexComp (139)
[2019.03.01-22.05.00:459][614]LogModuleManager: Shutting down and abandoning module TextureFormatASTC (137)
[2019.03.01-22.05.00:459][614]LogModuleManager: Shutting down and abandoning module ImageWrapper (136)
[2019.03.01-22.05.00:459][614]LogModuleManager: Shutting down and abandoning module TextureFormatAndroid (133)
[2019.03.01-22.05.00:459][614]LogModuleManager: Shutting down and abandoning module AudioFormatOpus (131)
[2019.03.01-22.05.00:459][614]LogModuleManager: Shutting down and abandoning module AudioFormatOgg (129)
[2019.03.01-22.05.00:459][614]LogModuleManager: Shutting down and abandoning module AudioFormatADPCM (127)
[2019.03.01-22.05.00:459][614]LogModuleManager: Shutting down and abandoning module LuminTargetPlatform (125)
[2019.03.01-22.05.00:460][614]LogModuleManager: Shutting down and abandoning module LinuxTargetPlatform (123)
[2019.03.01-22.05.00:460][614]LogModuleManager: Shutting down and abandoning module LinuxServerTargetPlatform (121)
[2019.03.01-22.05.00:460][614]LogModuleManager: Shutting down and abandoning module LinuxNoEditorTargetPlatform (119)
[2019.03.01-22.05.00:460][614]LogModuleManager: Shutting down and abandoning module LinuxClientTargetPlatform (117)
[2019.03.01-22.05.00:460][614]LogModuleManager: Shutting down and abandoning module TVOSTargetPlatform (115)
[2019.03.01-22.05.00:461][614]LogModuleManager: Shutting down and abandoning module Messaging (113)
[2019.03.01-22.05.00:461][614]LogModuleManager: Shutting down and abandoning module IOSTargetPlatform (111)
[2019.03.01-22.05.00:461][614]LogModuleManager: Shutting down and abandoning module HTML5TargetPlatform (109)
[2019.03.01-22.05.00:461][614]LogModuleManager: Shutting down and abandoning module AndroidTargetPlatform (107)
[2019.03.01-22.05.00:466][614]LogModuleManager: Shutting down and abandoning module WindowsTargetPlatform (105)
[2019.03.01-22.05.00:466][614]LogModuleManager: Shutting down and abandoning module WindowsServerTargetPlatform (103)
[2019.03.01-22.05.00:466][614]LogModuleManager: Shutting down and abandoning module WindowsNoEditorTargetPlatform (101)
[2019.03.01-22.05.00:466][614]LogModuleManager: Shutting down and abandoning module WindowsClientTargetPlatform (99)
[2019.03.01-22.05.00:466][614]LogModuleManager: Shutting down and abandoning module MacTargetPlatform (97)
[2019.03.01-22.05.00:466][614]LogModuleManager: Shutting down and abandoning module MacServerTargetPlatform (95)
[2019.03.01-22.05.00:466][614]LogModuleManager: Shutting down and abandoning module MacNoEditorTargetPlatform (93)
[2019.03.01-22.05.00:466][614]LogModuleManager: Shutting down and abandoning module MacClientTargetPlatform (91)
[2019.03.01-22.05.00:466][614]LogModuleManager: Shutting down and abandoning module AllDesktopTargetPlatform (89)
[2019.03.01-22.05.00:467][614]LogModuleManager: Shutting down and abandoning module InputCore (86)
[2019.03.01-22.05.00:467][614]LogModuleManager: Shutting down and abandoning module Settings (84)
[2019.03.01-22.05.00:467][614]LogModuleManager: Shutting down and abandoning module PhysXCooking (82)
[2019.03.01-22.05.00:467][614]LogModuleManager: Shutting down and abandoning module SteamVR (80)
[2019.03.01-22.05.00:467][614]LogHMD: Freeing OpenVRDLLHandle.
[2019.03.01-22.05.00:467][614]LogModuleManager: Shutting down and abandoning module OculusHMD (78)
[2019.03.01-22.05.00:467][614]LogModuleManager: Shutting down and abandoning module ExampleDeviceProfileSelector (76)
[2019.03.01-22.05.00:467][614]LogModuleManager: Shutting down and abandoning module LauncherChunkInstaller (74)
[2019.03.01-22.05.00:467][614]LogModuleManager: Shutting down and abandoning module OnlineBlueprintSupport (72)
[2019.03.01-22.05.00:467][614]LogModuleManager: Shutting down and abandoning module OnlineSubsystem (68)
[2019.03.01-22.05.00:467][614]LogModuleManager: Shutting down and abandoning module XMPP (63)
[2019.03.01-22.05.00:468][614]LogModuleManager: Shutting down and abandoning module WebSockets (62)
[2019.03.01-22.05.00:497][614]LogModuleManager: Shutting down and abandoning module HTTP (59)
[2019.03.01-22.05.00:497][614]LogHttp: Display: Http module shutting down, but needs to wait on 1 outstanding Http requests:
[2019.03.01-22.05.00:497][614]LogHttp: Display: 	verb=[POST] url=[https://datarouter.ol.epicgames.com/datarouter/api/v1/public/data?SessionID=%7BB9B9EC82-488C-6E58-BB5A-379D7BB67DFB%7D&AppID=UEEditor.Rocket.Release&AppVersion=4.21.2-4753647%2B%2B%2BUE4%2BRelease-4.21&UserID=674ac5514ab43d67442e40aac7d1c0a6%7C6e5f7447718b4ad3aa9cc9eeabc6f9be%7Cfd1d1a77-ac6d-4f7a-a697-ca414939452f&AppEnvironment=datacollector-binary&UploadType=eteventstream] status=Processing
[2019.03.01-22.05.00:515][614]LogModuleManager: Shutting down and abandoning module SSL (58)
[2019.03.01-22.05.00:516][614]LogModuleManager: Shutting down and abandoning module MagicLeapIdentity (54)
[2019.03.01-22.05.00:516][614]LogModuleManager: Shutting down and abandoning module MagicLeapHelperVulkan (52)
[2019.03.01-22.05.00:516][614]LogModuleManager: Shutting down and abandoning module MagicLeapHelperOpenGL (50)
[2019.03.01-22.05.00:516][614]LogModuleManager: Shutting down and abandoning module MagicLeapSecureStorage (48)
[2019.03.01-22.05.00:516][614]LogModuleManager: Shutting down and abandoning module MagicLeapHandTracking (46)
[2019.03.01-22.05.00:516][614]LogModuleManager: Shutting down and abandoning module MagicLeapEyeTracker (44)
[2019.03.01-22.05.00:516][614]LogModuleManager: Shutting down and abandoning module MagicLeapController (42)
[2019.03.01-22.05.00:516][614]LogSlate: Slate User Destroyed.  User Index 0, Is Virtual User: 0
[2019.03.01-22.05.00:516][614]LogModuleManager: Shutting down and abandoning module MagicLeap (40)
[2019.03.01-22.05.00:517][614]LogModuleManager: Shutting down and abandoning module DatasmithContent (38)
[2019.03.01-22.05.00:517][614]LogModuleManager: Shutting down and abandoning module AnimationModifiers (36)
[2019.03.01-22.05.00:517][614]LogModuleManager: Shutting down and abandoning module PropertyEditor (35)
[2019.03.01-22.05.00:517][614]LogModuleManager: Shutting down and abandoning module AudioEditor (32)
[2019.03.01-22.05.00:517][614]LogModuleManager: Shutting down and abandoning module TextureCompressor (30)
[2019.03.01-22.05.00:517][614]LogModuleManager: Shutting down and abandoning module ShaderCore (28)
[2019.03.01-22.05.00:517][614]LogModuleManager: Shutting down and abandoning module Landscape (26)
[2019.03.01-22.05.00:517][614]LogModuleManager: Shutting down and abandoning module SlateRHIRenderer (24)
[2019.03.01-22.05.00:518][614]LogModuleManager: Shutting down and abandoning module OpenGLDrv (22)
[2019.03.01-22.05.00:518][614]LogModuleManager: Shutting down and abandoning module D3D11RHI (20)
[2019.03.01-22.05.00:518][614]LogModuleManager: Shutting down and abandoning module AnimGraphRuntime (18)
[2019.03.01-22.05.00:518][614]LogModuleManager: Shutting down and abandoning module Renderer (16)
[2019.03.01-22.05.00:518][614]LogModuleManager: Shutting down and abandoning module Engine (14)
[2019.03.01-22.05.00:518][614]LogModuleManager: Shutting down and abandoning module CoreUObject (12)
[2019.03.01-22.05.00:518][614]LogModuleManager: Shutting down and abandoning module NetworkFile (10)
[2019.03.01-22.05.00:518][614]LogModuleManager: Shutting down and abandoning module CookedIterativeFile (8)
[2019.03.01-22.05.00:518][614]LogModuleManager: Shutting down and abandoning module StreamingFile (6)
[2019.03.01-22.05.00:518][614]LogModuleManager: Shutting down and abandoning module SandboxFile (4)
[2019.03.01-22.05.00:518][614]LogModuleManager: Shutting down and abandoning module PakFile (2)
[2019.03.01-22.05.00:523][614]LogExit: Exiting.
[2019.03.01-22.05.00:545][614]Log file closed, 03/01/19 17:05:00
